Sun, 2018-04-15 13:34:07	51.0°C	█████
Sun, 2018-04-15 14:11:31	52.6°C	█████
Sun, 2018-04-15 14:12:46	54.8°C	█████
Sun, 2018-04-15 14:13:45	51.5°C	█████
Sun, 2018-04-15 14:20:47	51.5°C	█████
Sun, 2018-04-15 14:21:48	52.6°C	█████
Sun, 2018-04-15 14:22:09	52.6°C	█████
Sun, 2018-04-15 14:22:48	52.6°C	█████
Sun, 2018-04-15 14:22:52	52.6°C	█████
Sun, 2018-04-15 14:23:40	50.5°C	█████
Sun, 2018-04-15 14:27:30	50.5°C	█████
Sun, 2018-04-15 14:30:25	51.0°C	█████
Sun, 2018-04-15 14:31:25	54.2°C	█████
Sun, 2018-04-15 14:32:26	54.2°C	█████
Sun, 2018-04-15 14:33:26	54.2°C	█████
Sun, 2018-04-15 14:34:26	54.2°C	█████
Sun, 2018-04-15 14:35:26	54.2°C	█████
Sun, 2018-04-15 14:36:26	54.8°C	█████
Sun, 2018-04-15 14:37:26	54.8°C	█████
Sun, 2018-04-15 14:38:26	55.3°C	█████
Sun, 2018-04-15 14:39:26	54.8°C	█████
Sun, 2018-04-15 14:40:26	54.8°C	█████
Sun, 2018-04-15 14:41:26	54.8°C	█████
Sun, 2018-04-15 14:42:26	55.3°C	█████
Sun, 2018-04-15 14:43:52	52.6°C	█████
Sun, 2018-04-15 14:46:59	52.1°C	█████
Sun, 2018-04-15 14:47:40	51.5°C	█████
Sun, 2018-04-15 14:55:12	51.5°C	█████
Sun, 2018-04-15 14:55:56	51.5°C	█████
Sun, 2018-04-15 14:56:35	51.5°C	█████
Sun, 2018-04-15 16:05:34	43.5°C	████
Sun, 2018-04-15 16:45:24	51.5°C	█████
Sun, 2018-04-15 16:46:24	53.2°C	█████
Sun, 2018-04-15 16:47:24	53.7°C	█████
Sun, 2018-04-15 16:48:24	54.2°C	█████
Sun, 2018-04-15 16:49:24	59.6°C	█████
Sun, 2018-04-15 17:19:23	48.3°C	████
Sun, 2018-04-15 17:20:36	53.7°C	█████
Sun, 2018-04-15 17:21:54	53.7°C	█████
Sun, 2018-04-15 17:22:54	53.7°C	█████
Sun, 2018-04-15 17:27:40	48.3°C	████
Sun, 2018-04-15 17:28:40	48.3°C	████
Sun, 2018-04-15 17:29:40	48.3°C	████
Sun, 2018-04-15 17:30:40	48.3°C	████
Sun, 2018-04-15 17:31:40	48.3°C	████
Sun, 2018-04-15 17:32:40	47.8°C	████
Sun, 2018-04-15 17:33:40	48.3°C	████
Sun, 2018-04-15 17:34:40	47.8°C	████
Sun, 2018-04-15 17:46:45	48.3°C	████
Sun, 2018-04-15 17:47:45	47.8°C	████
Sun, 2018-04-15 17:48:45	47.8°C	████
Sun, 2018-04-15 17:49:45	47.8°C	████
Sun, 2018-04-15 17:50:45	47.2°C	████
Sun, 2018-04-15 17:51:45	49.9°C	████
Sun, 2018-04-15 17:52:46	47.2°C	████
Sun, 2018-04-15 17:53:46	48.3°C	████
Sun, 2018-04-15 17:54:46	47.2°C	████
Sun, 2018-04-15 17:55:46	47.8°C	████
Sun, 2018-04-15 17:56:46	47.8°C	████
Sun, 2018-04-15 17:57:46	48.3°C	████
Sun, 2018-04-15 18:12:16	54.2°C	█████
Sun, 2018-04-15 18:13:16	53.7°C	█████
Sun, 2018-04-15 18:14:16	49.4°C	████
Sun, 2018-04-15 18:15:16	48.3°C	████
Sun, 2018-04-15 18:16:16	48.3°C	████
Sun, 2018-04-15 18:17:16	48.3°C	████
Sun, 2018-04-15 18:18:16	53.7°C	█████
Sun, 2018-04-15 18:19:16	52.1°C	█████
Sun, 2018-04-15 18:20:16	52.6°C	█████
Sun, 2018-04-15 18:21:16	52.1°C	█████
Sun, 2018-04-15 18:22:17	50.5°C	█████
Sun, 2018-04-15 18:23:17	48.9°C	████
Sun, 2018-04-15 18:24:17	47.8°C	████
Sun, 2018-04-15 18:25:17	47.8°C	████
Sun, 2018-04-15 18:26:17	47.8°C	████
Sun, 2018-04-15 18:27:17	47.8°C	████
Sun, 2018-04-15 18:28:17	47.2°C	████
Sun, 2018-04-15 18:31:11	33.2°C	███
Sun, 2018-04-15 18:32:11	34.9°C	███
Sun, 2018-04-15 18:33:11	35.4°C	███
Sun, 2018-04-15 18:34:11	35.9°C	███
Sun, 2018-04-15 18:35:11	36.5°C	███
Sun, 2018-04-15 18:38:59	37.0°C	███
Sun, 2018-04-15 18:39:59	37.0°C	███
Sun, 2018-04-15 18:41:00	37.6°C	███
Sun, 2018-04-15 18:42:00	36.5°C	███
Sun, 2018-04-15 18:43:00	37.6°C	███
Sun, 2018-04-15 18:44:00	37.6°C	███
Sun, 2018-04-15 18:45:00	37.0°C	███
Sun, 2018-04-15 18:46:00	37.0°C	███
Sun, 2018-04-15 18:47:00	37.6°C	███
Sun, 2018-04-15 18:48:00	37.6°C	███
Sun, 2018-04-15 18:49:00	38.6°C	███
Sun, 2018-04-15 18:50:00	37.6°C	███
Sun, 2018-04-15 18:51:00	37.6°C	███
Sun, 2018-04-15 18:52:00	37.0°C	███
Sun, 2018-04-15 18:53:00	37.6°C	███
Sun, 2018-04-15 18:54:00	37.6°C	███
Sun, 2018-04-15 18:55:00	37.6°C	███
Sun, 2018-04-15 18:56:00	37.6°C	███
Sun, 2018-04-15 18:57:01	37.6°C	███
Sun, 2018-04-15 18:58:01	37.6°C	███
Sun, 2018-04-15 18:59:01	37.6°C	███
Sun, 2018-04-15 19:00:01	38.1°C	███
Sun, 2018-04-15 19:01:01	38.6°C	███
Sun, 2018-04-15 19:02:01	38.1°C	███
Sun, 2018-04-15 19:03:01	37.6°C	███
Sun, 2018-04-15 19:04:01	37.0°C	███
Sun, 2018-04-15 19:05:01	37.6°C	███
Sun, 2018-04-15 19:06:01	38.1°C	███
Sun, 2018-04-15 19:07:01	37.6°C	███
Sun, 2018-04-15 19:08:01	37.6°C	███
Sun, 2018-04-15 19:09:01	37.6°C	███
Sun, 2018-04-15 19:10:01	37.6°C	███
Sun, 2018-04-15 19:11:01	38.6°C	███
Sun, 2018-04-15 19:12:01	38.1°C	███
Sun, 2018-04-15 19:13:01	37.6°C	███
Sun, 2018-04-15 19:14:02	37.6°C	███
Sun, 2018-04-15 19:15:02	37.6°C	███
Sun, 2018-04-15 19:16:02	39.2°C	███
Sun, 2018-04-15 19:17:02	37.6°C	███
Sun, 2018-04-15 19:18:02	37.6°C	███
Sun, 2018-04-15 19:19:02	37.6°C	███
Sun, 2018-04-15 19:20:02	37.6°C	███
Sun, 2018-04-15 19:21:02	38.1°C	███
Sun, 2018-04-15 19:22:02	38.6°C	███
Sun, 2018-04-15 19:23:02	38.1°C	███
Sun, 2018-04-15 19:24:02	38.6°C	███
Sun, 2018-04-15 19:25:02	38.1°C	███
Sun, 2018-04-15 19:26:02	38.6°C	███
Sun, 2018-04-15 19:27:02	38.1°C	███
Sun, 2018-04-15 19:28:02	38.6°C	███
Sun, 2018-04-15 19:29:02	38.1°C	███
Sun, 2018-04-15 19:30:03	38.1°C	███
Sun, 2018-04-15 19:31:03	38.1°C	███
Sun, 2018-04-15 19:32:03	38.6°C	███
Sun, 2018-04-15 19:33:03	38.6°C	███
Sun, 2018-04-15 19:34:03	38.1°C	███
Sun, 2018-04-15 19:35:03	38.1°C	███
Sun, 2018-04-15 19:36:03	38.1°C	███
Sun, 2018-04-15 19:37:03	38.1°C	███
Sun, 2018-04-15 19:38:03	38.6°C	███
Sun, 2018-04-15 19:39:03	38.1°C	███
Sun, 2018-04-15 19:40:03	38.1°C	███
Sun, 2018-04-15 19:41:03	38.6°C	███
Sun, 2018-04-15 19:42:03	37.6°C	███
Sun, 2018-04-15 19:43:03	38.6°C	███
Sun, 2018-04-15 19:44:03	38.6°C	███
Sun, 2018-04-15 19:45:03	38.6°C	███
Sun, 2018-04-15 19:46:04	37.6°C	███
Sun, 2018-04-15 19:47:04	38.1°C	███
Sun, 2018-04-15 19:48:04	38.6°C	███
Sun, 2018-04-15 19:49:04	38.6°C	███
Sun, 2018-04-15 19:50:04	38.1°C	███
Sun, 2018-04-15 19:51:04	38.1°C	███
Sun, 2018-04-15 19:52:04	38.1°C	███
Sun, 2018-04-15 19:53:04	39.7°C	███
Sun, 2018-04-15 19:54:04	38.6°C	███
Sun, 2018-04-15 19:55:04	38.6°C	███
Sun, 2018-04-15 19:17:23	38.6°C	███
Sun, 2018-04-15 19:18:23	36.5°C	███
Sun, 2018-04-15 19:19:23	38.1°C	███
Sun, 2018-04-15 19:20:23	38.1°C	███
Sun, 2018-04-15 19:21:23	38.1°C	███
Sun, 2018-04-15 19:22:23	38.1°C	███
Sun, 2018-04-15 19:23:23	38.1°C	███
Sun, 2018-04-15 19:24:23	38.6°C	███
Sun, 2018-04-15 19:25:23	38.6°C	███
Sun, 2018-04-15 19:26:23	38.6°C	███
Sun, 2018-04-15 19:27:23	38.6°C	███
Sun, 2018-04-15 19:28:23	38.1°C	███
Sun, 2018-04-15 19:29:23	38.6°C	███
Sun, 2018-04-15 19:30:23	38.1°C	███
Sun, 2018-04-15 19:31:23	37.6°C	███
Sun, 2018-04-15 19:32:24	37.6°C	███
Sun, 2018-04-15 19:33:24	38.1°C	███
Sun, 2018-04-15 19:34:24	38.6°C	███
Sun, 2018-04-15 19:35:24	37.6°C	███
Sun, 2018-04-15 19:36:24	38.6°C	███
Sun, 2018-04-15 19:37:24	38.6°C	███
Sun, 2018-04-15 19:38:24	38.1°C	███
Sun, 2018-04-15 19:39:24	38.6°C	███
Sun, 2018-04-15 19:40:24	38.6°C	███
Sun, 2018-04-15 19:41:24	38.6°C	███
Sun, 2018-04-15 19:42:24	38.1°C	███
Sun, 2018-04-15 19:43:24	38.1°C	███
Sun, 2018-04-15 19:44:24	38.6°C	███
Sun, 2018-04-15 19:45:24	38.6°C	███
Sun, 2018-04-15 19:46:24	38.6°C	███
Sun, 2018-04-15 19:47:24	37.6°C	███
Sun, 2018-04-15 19:48:24	38.6°C	███
Sun, 2018-04-15 19:49:24	38.1°C	███
Sun, 2018-04-15 19:50:25	38.1°C	███
Sun, 2018-04-15 19:51:25	38.1°C	███
Sun, 2018-04-15 19:52:25	38.6°C	███
Sun, 2018-04-15 19:53:25	38.1°C	███
Sun, 2018-04-15 19:54:25	38.1°C	███
Sun, 2018-04-15 19:55:25	38.6°C	███
Sun, 2018-04-15 19:56:25	39.2°C	███
Sun, 2018-04-15 19:57:25	38.1°C	███
Sun, 2018-04-15 19:58:25	37.6°C	███
Sun, 2018-04-15 19:59:25	37.6°C	███
Sun, 2018-04-15 20:00:25	38.1°C	███
Sun, 2018-04-15 20:01:25	37.6°C	███
Sun, 2018-04-15 20:02:25	37.6°C	███
Sun, 2018-04-15 20:03:25	38.6°C	███
Sun, 2018-04-15 20:04:25	37.6°C	███
Sun, 2018-04-15 20:05:25	37.6°C	███
Sun, 2018-04-15 20:06:25	38.1°C	███
Sun, 2018-04-15 20:07:25	38.6°C	███
Sun, 2018-04-15 20:08:25	38.6°C	███
Sun, 2018-04-15 20:09:26	37.6°C	███
Sun, 2018-04-15 20:10:26	38.1°C	███
Sun, 2018-04-15 20:11:26	37.6°C	███
Sun, 2018-04-15 20:12:26	38.1°C	███
Sun, 2018-04-15 20:13:26	38.6°C	███
Sun, 2018-04-15 20:14:26	38.1°C	███
Sun, 2018-04-15 20:15:26	38.6°C	███
Sun, 2018-04-15 20:16:26	38.1°C	███
Sun, 2018-04-15 20:17:26	37.6°C	███
Sun, 2018-04-15 20:18:26	39.7°C	███
Sun, 2018-04-15 20:19:26	38.1°C	███
Sun, 2018-04-15 20:20:26	38.6°C	███
Sun, 2018-04-15 20:21:26	38.1°C	███
Sun, 2018-04-15 20:22:26	38.6°C	███
Sun, 2018-04-15 20:23:26	37.6°C	███
Sun, 2018-04-15 20:24:26	38.1°C	███
Sun, 2018-04-15 20:25:26	38.6°C	███
Sun, 2018-04-15 20:26:26	38.6°C	███
Sun, 2018-04-15 20:27:27	37.6°C	███
Sun, 2018-04-15 20:28:27	39.2°C	███
Sun, 2018-04-15 20:29:27	38.1°C	███
Sun, 2018-04-15 20:30:27	37.6°C	███
Sun, 2018-04-15 20:31:27	37.6°C	███
Sun, 2018-04-15 20:32:27	38.1°C	███
Sun, 2018-04-15 20:33:27	37.6°C	███
Sun, 2018-04-15 20:34:27	37.6°C	███
Sun, 2018-04-15 20:35:27	38.1°C	███
Sun, 2018-04-15 20:36:27	38.1°C	███
Sun, 2018-04-15 20:37:27	38.6°C	███
Sun, 2018-04-15 20:38:27	38.1°C	███
Sun, 2018-04-15 20:39:27	38.1°C	███
Sun, 2018-04-15 20:40:27	38.6°C	███
Sun, 2018-04-15 20:41:27	37.6°C	███
Sun, 2018-04-15 20:42:27	38.6°C	███
Sun, 2018-04-15 20:43:27	37.6°C	███
Sun, 2018-04-15 20:44:27	38.1°C	███
Sun, 2018-04-15 20:45:27	38.6°C	███
Sun, 2018-04-15 20:46:27	38.1°C	███
Sun, 2018-04-15 20:47:28	37.6°C	███
Sun, 2018-04-15 20:48:28	38.1°C	███
Sun, 2018-04-15 20:49:28	37.6°C	███
Sun, 2018-04-15 20:50:28	39.2°C	███
Sun, 2018-04-15 20:51:28	38.1°C	███
Sun, 2018-04-15 20:52:28	37.6°C	███
Sun, 2018-04-15 20:53:28	37.6°C	███
Sun, 2018-04-15 20:54:28	37.6°C	███
Sun, 2018-04-15 20:55:28	39.2°C	███
Sun, 2018-04-15 20:56:28	38.1°C	███
Sun, 2018-04-15 20:57:28	38.1°C	███
Sun, 2018-04-15 20:58:28	37.6°C	███
Sun, 2018-04-15 20:59:28	38.1°C	███
Sun, 2018-04-15 21:00:28	38.1°C	███
Sun, 2018-04-15 21:01:28	38.1°C	███
Sun, 2018-04-15 21:02:28	38.1°C	███
Sun, 2018-04-15 21:03:28	37.6°C	███
Sun, 2018-04-15 21:04:28	38.1°C	███
Sun, 2018-04-15 21:05:29	38.6°C	███
Sun, 2018-04-15 21:06:29	37.6°C	███
Sun, 2018-04-15 21:07:29	38.6°C	███
Sun, 2018-04-15 21:08:29	37.6°C	███
Sun, 2018-04-15 21:09:29	38.6°C	███
Sun, 2018-04-15 21:10:29	37.6°C	███
Sun, 2018-04-15 21:11:29	37.6°C	███
Sun, 2018-04-15 21:12:29	38.1°C	███
Sun, 2018-04-15 21:13:29	38.1°C	███
Sun, 2018-04-15 21:14:29	37.6°C	███
Sun, 2018-04-15 21:15:29	37.6°C	███
Sun, 2018-04-15 21:16:29	38.1°C	███
Sun, 2018-04-15 21:17:29	38.6°C	███
Sun, 2018-04-15 21:18:29	38.1°C	███
Sun, 2018-04-15 21:19:29	37.6°C	███
Sun, 2018-04-15 21:20:30	38.1°C	███
Sun, 2018-04-15 21:21:30	37.6°C	███
Sun, 2018-04-15 21:22:30	39.2°C	███
Sun, 2018-04-15 21:23:30	38.1°C	███
Sun, 2018-04-15 21:24:30	37.6°C	███
Sun, 2018-04-15 21:25:30	38.1°C	███
Sun, 2018-04-15 21:26:30	38.1°C	███
Sun, 2018-04-15 21:27:30	38.1°C	███
Sun, 2018-04-15 21:28:30	38.1°C	███
Sun, 2018-04-15 21:29:30	38.1°C	███
Sun, 2018-04-15 21:30:30	37.6°C	███
Sun, 2018-04-15 21:31:30	37.6°C	███
Sun, 2018-04-15 21:32:30	39.2°C	███
Sun, 2018-04-15 21:33:30	38.1°C	███
Sun, 2018-04-15 21:34:30	38.1°C	███
Sun, 2018-04-15 21:35:31	38.1°C	███
Sun, 2018-04-15 21:36:31	37.6°C	███
Sun, 2018-04-15 21:37:31	37.6°C	███
Sun, 2018-04-15 21:38:31	37.6°C	███
Sun, 2018-04-15 21:39:31	37.6°C	███
Sun, 2018-04-15 21:40:31	37.6°C	███
Sun, 2018-04-15 21:41:31	37.6°C	███
Sun, 2018-04-15 21:42:31	37.6°C	███
Sun, 2018-04-15 21:43:31	37.6°C	███
Sun, 2018-04-15 21:44:31	37.6°C	███
Sun, 2018-04-15 21:45:31	37.6°C	███
Sun, 2018-04-15 21:46:31	37.6°C	███
Sun, 2018-04-15 21:47:31	37.6°C	███
Sun, 2018-04-15 21:48:31	38.1°C	███
Sun, 2018-04-15 21:49:31	38.1°C	███
Sun, 2018-04-15 21:50:31	38.1°C	███
Sun, 2018-04-15 21:51:31	37.6°C	███
Sun, 2018-04-15 21:52:32	37.6°C	███
Sun, 2018-04-15 21:53:32	38.1°C	███
Sun, 2018-04-15 21:54:32	39.7°C	███
Sun, 2018-04-15 21:55:32	37.6°C	███
Sun, 2018-04-15 21:56:32	38.1°C	███
Sun, 2018-04-15 21:57:32	38.6°C	███
Sun, 2018-04-15 21:58:32	38.6°C	███
Sun, 2018-04-15 21:59:32	39.2°C	███
Sun, 2018-04-15 22:00:32	37.6°C	███
Sun, 2018-04-15 22:01:32	38.6°C	███
Sun, 2018-04-15 22:02:32	38.1°C	███
Sun, 2018-04-15 22:03:32	38.1°C	███
Sun, 2018-04-15 22:04:32	38.6°C	███
Sun, 2018-04-15 22:05:32	37.6°C	███
Sun, 2018-04-15 22:06:32	38.6°C	███
Sun, 2018-04-15 22:07:32	37.6°C	███
Sun, 2018-04-15 22:08:33	37.6°C	███
Sun, 2018-04-15 22:09:33	38.1°C	███
Sun, 2018-04-15 22:10:33	37.6°C	███
Sun, 2018-04-15 22:11:33	38.1°C	███
Sun, 2018-04-15 22:12:33	38.1°C	███
Sun, 2018-04-15 22:13:33	38.1°C	███
Sun, 2018-04-15 22:14:33	37.6°C	███
Sun, 2018-04-15 22:15:33	37.6°C	███
Sun, 2018-04-15 22:16:33	38.1°C	███
Sun, 2018-04-15 22:17:33	38.1°C	███
Sun, 2018-04-15 22:18:33	38.1°C	███
Sun, 2018-04-15 22:19:33	38.6°C	███
Sun, 2018-04-15 22:20:33	37.6°C	███
Sun, 2018-04-15 22:21:33	38.1°C	███
Sun, 2018-04-15 22:22:33	37.6°C	███
Sun, 2018-04-15 22:23:33	37.6°C	███
Sun, 2018-04-15 22:24:33	37.6°C	███
Sun, 2018-04-15 22:25:33	37.6°C	███
Sun, 2018-04-15 22:26:33	38.6°C	███
Sun, 2018-04-15 22:27:34	37.6°C	███
Sun, 2018-04-15 22:28:34	37.6°C	███
Sun, 2018-04-15 22:29:34	38.1°C	███
Sun, 2018-04-15 22:30:34	37.6°C	███
Sun, 2018-04-15 22:31:34	38.6°C	███
Sun, 2018-04-15 22:32:34	38.6°C	███
Sun, 2018-04-15 22:33:34	37.6°C	███
Sun, 2018-04-15 22:34:34	38.6°C	███
Sun, 2018-04-15 22:35:34	37.6°C	███
Sun, 2018-04-15 22:36:34	37.6°C	███
Sun, 2018-04-15 22:37:34	38.6°C	███
Sun, 2018-04-15 22:38:34	37.6°C	███
Sun, 2018-04-15 22:39:34	37.6°C	███
Sun, 2018-04-15 22:40:34	37.6°C	███
Sun, 2018-04-15 22:41:34	38.6°C	███
Sun, 2018-04-15 22:42:34	37.6°C	███
Sun, 2018-04-15 22:43:34	37.6°C	███
Sun, 2018-04-15 22:44:35	38.1°C	███
Sun, 2018-04-15 22:45:35	37.6°C	███
Sun, 2018-04-15 22:46:35	37.6°C	███
Sun, 2018-04-15 22:47:35	37.6°C	███
Sun, 2018-04-15 22:48:35	38.6°C	███
Sun, 2018-04-15 22:49:35	37.6°C	███
Sun, 2018-04-15 22:50:35	37.6°C	███
Sun, 2018-04-15 22:51:35	37.6°C	███
Sun, 2018-04-15 22:52:35	37.6°C	███
Sun, 2018-04-15 22:53:35	37.6°C	███
Sun, 2018-04-15 22:54:35	37.6°C	███
Sun, 2018-04-15 22:55:35	38.1°C	███
Sun, 2018-04-15 22:56:35	37.6°C	███
Sun, 2018-04-15 22:57:35	37.6°C	███
Sun, 2018-04-15 22:58:35	38.1°C	███
Sun, 2018-04-15 22:59:35	37.6°C	███
Sun, 2018-04-15 23:00:35	37.6°C	███
Sun, 2018-04-15 23:01:35	38.6°C	███
Sun, 2018-04-15 23:02:36	37.6°C	███
Sun, 2018-04-15 23:03:36	39.2°C	███
Sun, 2018-04-15 23:04:36	37.6°C	███
Sun, 2018-04-15 23:05:36	37.6°C	███
Sun, 2018-04-15 23:06:36	37.6°C	███
Sun, 2018-04-15 23:07:36	37.6°C	███
Sun, 2018-04-15 23:08:36	37.6°C	███
Sun, 2018-04-15 23:09:36	37.0°C	███
Sun, 2018-04-15 23:10:36	38.1°C	███
Sun, 2018-04-15 23:11:36	38.1°C	███
Sun, 2018-04-15 23:12:36	37.6°C	███
Sun, 2018-04-15 23:13:36	38.6°C	███
Sun, 2018-04-15 23:14:36	37.6°C	███
Sun, 2018-04-15 23:15:36	37.6°C	███
Sun, 2018-04-15 23:16:36	37.6°C	███
Sun, 2018-04-15 23:17:36	37.6°C	███
Sun, 2018-04-15 23:18:37	38.1°C	███
Sun, 2018-04-15 23:19:37	37.6°C	███
Sun, 2018-04-15 23:20:37	38.6°C	███
Sun, 2018-04-15 23:21:37	37.6°C	███
Sun, 2018-04-15 23:22:37	38.6°C	███
Sun, 2018-04-15 23:23:37	37.6°C	███
Sun, 2018-04-15 23:24:37	37.0°C	███
Sun, 2018-04-15 23:25:37	38.1°C	███
Sun, 2018-04-15 23:26:37	37.6°C	███
Sun, 2018-04-15 23:27:37	38.1°C	███
Sun, 2018-04-15 23:28:37	37.6°C	███
Sun, 2018-04-15 23:29:37	37.6°C	███
Sun, 2018-04-15 23:30:37	37.6°C	███
Sun, 2018-04-15 23:31:37	37.6°C	███
Sun, 2018-04-15 23:32:37	38.1°C	███
Sun, 2018-04-15 23:33:37	37.6°C	███
Sun, 2018-04-15 23:34:37	38.1°C	███
Sun, 2018-04-15 23:35:38	39.2°C	███
Sun, 2018-04-15 23:36:38	37.6°C	███
Sun, 2018-04-15 23:37:38	38.1°C	███
Sun, 2018-04-15 23:38:38	38.1°C	███
Sun, 2018-04-15 23:39:38	37.6°C	███
Sun, 2018-04-15 23:40:38	38.6°C	███
Sun, 2018-04-15 23:41:38	37.6°C	███
Sun, 2018-04-15 23:42:38	38.1°C	███
Sun, 2018-04-15 23:43:38	37.6°C	███
Sun, 2018-04-15 23:44:38	38.6°C	███
Sun, 2018-04-15 23:45:38	38.1°C	███
Sun, 2018-04-15 23:46:38	38.1°C	███
Sun, 2018-04-15 23:47:38	37.6°C	███
Sun, 2018-04-15 23:48:38	38.6°C	███
Sun, 2018-04-15 23:49:38	38.1°C	███
Sun, 2018-04-15 23:50:38	37.6°C	███
Sun, 2018-04-15 23:51:38	38.6°C	███
Sun, 2018-04-15 23:52:38	37.6°C	███
Sun, 2018-04-15 23:53:38	37.6°C	███
Sun, 2018-04-15 23:54:39	37.6°C	███
Sun, 2018-04-15 23:55:39	37.6°C	███
Sun, 2018-04-15 23:56:39	38.1°C	███
Sun, 2018-04-15 23:57:39	38.6°C	███
Sun, 2018-04-15 23:58:39	38.1°C	███
Sun, 2018-04-15 23:59:39	38.1°C	███
Mon, 2018-04-16 00:00:39	37.6°C	███
Mon, 2018-04-16 00:01:39	38.1°C	███
Mon, 2018-04-16 00:02:39	38.6°C	███
Mon, 2018-04-16 00:03:39	38.6°C	███
Mon, 2018-04-16 00:04:39	38.1°C	███
Mon, 2018-04-16 00:05:39	38.1°C	███
Mon, 2018-04-16 00:06:39	38.6°C	███
Mon, 2018-04-16 00:07:39	38.6°C	███
Mon, 2018-04-16 00:08:39	38.6°C	███
Mon, 2018-04-16 00:09:39	38.6°C	███
Mon, 2018-04-16 00:10:40	37.6°C	███
Mon, 2018-04-16 00:11:40	37.6°C	███
Mon, 2018-04-16 00:12:40	39.7°C	███
Mon, 2018-04-16 00:13:40	37.6°C	███
Mon, 2018-04-16 00:14:40	37.6°C	███
Mon, 2018-04-16 00:15:40	38.6°C	███
Mon, 2018-04-16 00:16:40	37.6°C	███
Mon, 2018-04-16 00:17:40	38.6°C	███
Mon, 2018-04-16 00:18:40	37.6°C	███
Mon, 2018-04-16 00:19:40	38.6°C	███
Mon, 2018-04-16 00:20:40	38.1°C	███
Mon, 2018-04-16 00:21:40	38.1°C	███
Mon, 2018-04-16 00:22:40	38.6°C	███
Mon, 2018-04-16 00:23:40	38.6°C	███
Mon, 2018-04-16 00:24:40	38.6°C	███
Mon, 2018-04-16 00:25:41	38.6°C	███
Mon, 2018-04-16 00:26:41	38.6°C	███
Mon, 2018-04-16 00:27:41	38.1°C	███
Mon, 2018-04-16 00:28:41	38.1°C	███
Mon, 2018-04-16 00:29:41	38.1°C	███
Mon, 2018-04-16 00:30:41	38.1°C	███
Mon, 2018-04-16 00:31:41	38.1°C	███
Mon, 2018-04-16 00:32:41	37.6°C	███
Mon, 2018-04-16 00:33:41	37.6°C	███
Mon, 2018-04-16 00:34:41	38.6°C	███
Mon, 2018-04-16 00:35:41	38.1°C	███
Mon, 2018-04-16 00:36:41	37.6°C	███
Mon, 2018-04-16 00:37:41	38.1°C	███
Mon, 2018-04-16 00:38:41	37.6°C	███
Mon, 2018-04-16 00:39:41	38.6°C	███
Mon, 2018-04-16 00:40:41	37.6°C	███
Mon, 2018-04-16 00:41:41	38.1°C	███
Mon, 2018-04-16 00:42:42	37.6°C	███
Mon, 2018-04-16 00:43:42	38.1°C	███
Mon, 2018-04-16 00:44:42	39.7°C	███
Mon, 2018-04-16 00:45:42	37.6°C	███
Mon, 2018-04-16 00:46:42	37.6°C	███
Mon, 2018-04-16 00:47:42	38.1°C	███
Mon, 2018-04-16 00:48:42	37.6°C	███
Mon, 2018-04-16 00:49:42	38.6°C	███
Mon, 2018-04-16 00:50:42	38.1°C	███
Mon, 2018-04-16 00:51:42	37.6°C	███
Mon, 2018-04-16 00:52:42	38.1°C	███
Mon, 2018-04-16 00:53:42	37.6°C	███
Mon, 2018-04-16 00:54:42	38.6°C	███
Mon, 2018-04-16 00:55:42	37.6°C	███
Mon, 2018-04-16 00:56:42	38.1°C	███
Mon, 2018-04-16 00:57:42	38.1°C	███
Mon, 2018-04-16 00:58:43	37.6°C	███
Mon, 2018-04-16 00:59:43	37.6°C	███
Mon, 2018-04-16 01:00:43	37.6°C	███
Mon, 2018-04-16 01:01:43	38.1°C	███
Mon, 2018-04-16 01:02:43	38.1°C	███
Mon, 2018-04-16 01:03:43	37.6°C	███
Mon, 2018-04-16 01:04:43	37.6°C	███
Mon, 2018-04-16 01:05:43	38.1°C	███
Mon, 2018-04-16 01:06:43	38.6°C	███
Mon, 2018-04-16 01:07:43	37.6°C	███
Mon, 2018-04-16 01:08:43	37.6°C	███
Mon, 2018-04-16 01:09:43	37.6°C	███
Mon, 2018-04-16 01:10:43	37.6°C	███
Mon, 2018-04-16 01:11:43	38.6°C	███
Mon, 2018-04-16 01:12:43	38.1°C	███
Mon, 2018-04-16 01:13:43	38.1°C	███
Mon, 2018-04-16 01:14:43	38.1°C	███
Mon, 2018-04-16 01:15:44	37.6°C	███
Mon, 2018-04-16 01:16:44	38.6°C	███
Mon, 2018-04-16 01:17:44	38.1°C	███
Mon, 2018-04-16 01:18:44	37.6°C	███
Mon, 2018-04-16 01:19:44	37.6°C	███
Mon, 2018-04-16 01:20:44	38.1°C	███
Mon, 2018-04-16 01:21:44	38.1°C	███
Mon, 2018-04-16 01:22:44	37.6°C	███
Mon, 2018-04-16 01:23:44	38.1°C	███
Mon, 2018-04-16 01:24:44	37.6°C	███
Mon, 2018-04-16 01:25:44	38.1°C	███
Mon, 2018-04-16 01:26:44	38.1°C	███
Mon, 2018-04-16 01:27:44	37.6°C	███
Mon, 2018-04-16 01:28:44	38.1°C	███
Mon, 2018-04-16 01:29:44	37.6°C	███
Mon, 2018-04-16 01:30:44	37.6°C	███
Mon, 2018-04-16 01:31:44	38.1°C	███
Mon, 2018-04-16 01:32:44	37.6°C	███
Mon, 2018-04-16 01:33:44	38.1°C	███
Mon, 2018-04-16 01:34:45	37.6°C	███
Mon, 2018-04-16 01:35:45	37.6°C	███
Mon, 2018-04-16 01:36:45	37.6°C	███
Mon, 2018-04-16 01:37:45	37.6°C	███
Mon, 2018-04-16 01:38:45	38.6°C	███
Mon, 2018-04-16 01:39:45	37.6°C	███
Mon, 2018-04-16 01:40:45	38.1°C	███
Mon, 2018-04-16 01:41:45	38.1°C	███
Mon, 2018-04-16 01:42:45	38.1°C	███
Mon, 2018-04-16 01:43:45	38.6°C	███
Mon, 2018-04-16 01:44:45	37.6°C	███
Mon, 2018-04-16 01:45:45	37.6°C	███
Mon, 2018-04-16 01:46:45	37.6°C	███
Mon, 2018-04-16 01:47:45	38.1°C	███
Mon, 2018-04-16 01:48:45	39.2°C	███
Mon, 2018-04-16 01:49:45	37.6°C	███
Mon, 2018-04-16 01:50:45	38.1°C	███
Mon, 2018-04-16 01:51:45	38.1°C	███
Mon, 2018-04-16 01:52:46	37.6°C	███
Mon, 2018-04-16 01:53:46	38.1°C	███
Mon, 2018-04-16 01:54:46	37.6°C	███
Mon, 2018-04-16 01:55:46	37.6°C	███
Mon, 2018-04-16 01:56:46	37.6°C	███
Mon, 2018-04-16 01:57:46	38.1°C	███
Mon, 2018-04-16 01:58:46	38.6°C	███
Mon, 2018-04-16 01:59:46	38.1°C	███
Mon, 2018-04-16 02:00:46	38.1°C	███
Mon, 2018-04-16 02:01:46	37.6°C	███
Mon, 2018-04-16 02:02:46	37.6°C	███
Mon, 2018-04-16 02:03:46	37.6°C	███
Mon, 2018-04-16 02:04:46	37.6°C	███
Mon, 2018-04-16 02:05:46	38.1°C	███
Mon, 2018-04-16 02:06:46	38.1°C	███
Mon, 2018-04-16 02:07:46	38.1°C	███
Mon, 2018-04-16 02:08:46	37.6°C	███
Mon, 2018-04-16 02:09:47	38.1°C	███
Mon, 2018-04-16 02:10:47	38.6°C	███
Mon, 2018-04-16 02:11:47	37.6°C	███
Mon, 2018-04-16 02:12:47	38.1°C	███
Mon, 2018-04-16 02:13:47	37.0°C	███
Mon, 2018-04-16 02:14:47	37.6°C	███
Mon, 2018-04-16 02:15:47	38.6°C	███
Mon, 2018-04-16 02:16:47	37.6°C	███
Mon, 2018-04-16 02:17:47	37.6°C	███
Mon, 2018-04-16 02:18:47	37.6°C	███
Mon, 2018-04-16 02:19:47	38.1°C	███
Mon, 2018-04-16 02:20:47	39.7°C	███
Mon, 2018-04-16 02:21:47	37.6°C	███
Mon, 2018-04-16 02:22:47	38.1°C	███
Mon, 2018-04-16 02:23:47	37.6°C	███
Mon, 2018-04-16 02:24:47	37.6°C	███
Mon, 2018-04-16 02:25:48	39.2°C	███
Mon, 2018-04-16 02:26:48	37.6°C	███
Mon, 2018-04-16 02:27:48	37.6°C	███
Mon, 2018-04-16 02:28:48	37.6°C	███
Mon, 2018-04-16 02:29:48	37.6°C	███
Mon, 2018-04-16 02:30:48	38.1°C	███
Mon, 2018-04-16 02:31:48	37.6°C	███
Mon, 2018-04-16 02:32:48	38.1°C	███
Mon, 2018-04-16 02:33:48	37.6°C	███
Mon, 2018-04-16 02:34:48	37.6°C	███
Mon, 2018-04-16 02:35:48	38.6°C	███
Mon, 2018-04-16 02:36:48	37.6°C	███
Mon, 2018-04-16 02:37:48	38.1°C	███
Mon, 2018-04-16 02:38:48	38.1°C	███
Mon, 2018-04-16 02:39:48	37.6°C	███
Mon, 2018-04-16 02:40:48	37.6°C	███
Mon, 2018-04-16 02:41:48	38.1°C	███
Mon, 2018-04-16 02:42:48	38.6°C	███
Mon, 2018-04-16 02:43:48	37.6°C	███
Mon, 2018-04-16 02:44:48	37.6°C	███
Mon, 2018-04-16 02:45:49	37.6°C	███
Mon, 2018-04-16 02:46:49	37.6°C	███
Mon, 2018-04-16 02:47:49	38.1°C	███
Mon, 2018-04-16 02:48:49	37.6°C	███
Mon, 2018-04-16 02:49:49	37.6°C	███
Mon, 2018-04-16 02:50:49	37.6°C	███
Mon, 2018-04-16 02:51:49	38.1°C	███
Mon, 2018-04-16 02:52:49	38.6°C	███
Mon, 2018-04-16 02:53:49	37.6°C	███
Mon, 2018-04-16 02:54:49	37.6°C	███
Mon, 2018-04-16 02:55:49	37.6°C	███
Mon, 2018-04-16 02:56:49	37.6°C	███
Mon, 2018-04-16 02:57:49	38.6°C	███
Mon, 2018-04-16 02:58:49	37.6°C	███
Mon, 2018-04-16 02:59:49	37.6°C	███
Mon, 2018-04-16 03:00:50	34.9°C	███
Mon, 2018-04-16 03:01:50	32.7°C	███
Mon, 2018-04-16 03:02:51	34.3°C	███
Mon, 2018-04-16 03:03:51	34.3°C	███
Mon, 2018-04-16 03:04:51	34.9°C	███
Mon, 2018-04-16 03:05:51	34.9°C	███
Mon, 2018-04-16 03:06:51	34.3°C	███
Mon, 2018-04-16 03:07:51	35.9°C	███
Mon, 2018-04-16 03:08:51	35.4°C	███
Mon, 2018-04-16 03:09:51	35.9°C	███
Mon, 2018-04-16 03:10:51	35.9°C	███
Mon, 2018-04-16 03:11:51	36.5°C	███
Mon, 2018-04-16 03:12:51	36.5°C	███
Mon, 2018-04-16 03:13:51	35.9°C	███
Mon, 2018-04-16 03:14:51	36.5°C	███
Mon, 2018-04-16 03:15:51	36.5°C	███
Mon, 2018-04-16 03:16:51	36.5°C	███
Mon, 2018-04-16 03:17:51	37.6°C	███
Mon, 2018-04-16 03:18:51	36.5°C	███
Mon, 2018-04-16 03:19:52	36.5°C	███
Mon, 2018-04-16 03:20:52	36.5°C	███
Mon, 2018-04-16 03:21:52	36.5°C	███
Mon, 2018-04-16 03:22:52	37.6°C	███
Mon, 2018-04-16 03:23:52	36.5°C	███
Mon, 2018-04-16 03:24:52	36.5°C	███
Mon, 2018-04-16 03:25:52	37.0°C	███
Mon, 2018-04-16 03:26:52	37.0°C	███
Mon, 2018-04-16 03:27:52	38.1°C	███
Mon, 2018-04-16 03:28:52	37.0°C	███
Mon, 2018-04-16 03:29:52	37.6°C	███
Mon, 2018-04-16 03:30:52	37.0°C	███
Mon, 2018-04-16 03:31:52	37.6°C	███
Mon, 2018-04-16 03:32:52	37.6°C	███
Mon, 2018-04-16 03:33:52	37.0°C	███
Mon, 2018-04-16 03:34:52	37.6°C	███
Mon, 2018-04-16 03:35:52	37.0°C	███
Mon, 2018-04-16 03:36:53	37.0°C	███
Mon, 2018-04-16 03:37:53	37.6°C	███
Mon, 2018-04-16 03:38:53	37.0°C	███
Mon, 2018-04-16 03:39:53	37.6°C	███
Mon, 2018-04-16 03:40:53	37.6°C	███
Mon, 2018-04-16 03:41:53	37.6°C	███
Mon, 2018-04-16 03:42:53	37.6°C	███
Mon, 2018-04-16 03:43:53	37.6°C	███
Mon, 2018-04-16 03:44:53	38.1°C	███
Mon, 2018-04-16 03:45:53	37.6°C	███
Mon, 2018-04-16 03:46:53	37.6°C	███
Mon, 2018-04-16 03:47:53	37.6°C	███
Mon, 2018-04-16 03:48:53	38.1°C	███
Mon, 2018-04-16 03:49:53	38.6°C	███
Mon, 2018-04-16 03:50:53	37.6°C	███
Mon, 2018-04-16 03:51:54	38.1°C	███
Mon, 2018-04-16 03:52:54	37.6°C	███
Mon, 2018-04-16 03:53:54	37.6°C	███
Mon, 2018-04-16 03:54:54	38.6°C	███
Mon, 2018-04-16 03:55:54	38.1°C	███
Mon, 2018-04-16 03:56:54	38.1°C	███
Mon, 2018-04-16 03:57:54	37.6°C	███
Mon, 2018-04-16 03:58:54	38.6°C	███
Mon, 2018-04-16 03:59:54	37.6°C	███
Mon, 2018-04-16 04:00:54	38.6°C	███
Mon, 2018-04-16 04:01:54	38.6°C	███
Mon, 2018-04-16 04:02:54	38.1°C	███
Mon, 2018-04-16 04:03:54	38.1°C	███
Mon, 2018-04-16 04:04:54	39.2°C	███
Mon, 2018-04-16 04:05:54	38.6°C	███
Mon, 2018-04-16 04:06:55	38.6°C	███
Mon, 2018-04-16 04:07:55	37.6°C	███
Mon, 2018-04-16 04:08:55	38.6°C	███
Mon, 2018-04-16 04:09:55	38.1°C	███
Mon, 2018-04-16 04:10:55	38.6°C	███
Mon, 2018-04-16 04:11:55	38.6°C	███
Mon, 2018-04-16 04:12:55	38.6°C	███
Mon, 2018-04-16 04:13:55	38.1°C	███
Mon, 2018-04-16 04:14:55	38.6°C	███
Mon, 2018-04-16 04:15:55	38.1°C	███
Mon, 2018-04-16 04:16:55	38.6°C	███
Mon, 2018-04-16 04:17:55	38.6°C	███
Mon, 2018-04-16 04:18:55	38.6°C	███
Mon, 2018-04-16 04:19:55	38.6°C	███
Mon, 2018-04-16 04:20:55	38.6°C	███
Mon, 2018-04-16 04:21:55	38.6°C	███
Mon, 2018-04-16 04:22:55	38.6°C	███
Mon, 2018-04-16 04:23:55	38.1°C	███
Mon, 2018-04-16 04:24:56	38.1°C	███
Mon, 2018-04-16 04:25:56	38.6°C	███
Mon, 2018-04-16 04:26:56	39.7°C	███
Mon, 2018-04-16 04:27:56	38.6°C	███
Mon, 2018-04-16 04:28:56	38.6°C	███
Mon, 2018-04-16 04:29:56	38.6°C	███
Mon, 2018-04-16 04:30:56	38.1°C	███
Mon, 2018-04-16 04:31:56	38.1°C	███
Mon, 2018-04-16 04:32:56	38.6°C	███
Mon, 2018-04-16 04:33:56	38.6°C	███
Mon, 2018-04-16 04:34:56	37.6°C	███
Mon, 2018-04-16 04:35:56	38.6°C	███
Mon, 2018-04-16 04:36:56	39.7°C	███
Mon, 2018-04-16 04:37:56	38.1°C	███
Mon, 2018-04-16 04:38:56	38.6°C	███
Mon, 2018-04-16 04:39:56	38.6°C	███
Mon, 2018-04-16 04:40:56	38.6°C	███
Mon, 2018-04-16 04:41:56	38.6°C	███
Mon, 2018-04-16 04:42:56	38.1°C	███
Mon, 2018-04-16 04:43:56	38.6°C	███
Mon, 2018-04-16 04:44:57	38.1°C	███
Mon, 2018-04-16 04:45:57	38.6°C	███
Mon, 2018-04-16 04:46:57	39.2°C	███
Mon, 2018-04-16 04:47:57	38.1°C	███
Mon, 2018-04-16 04:48:57	39.2°C	███
Mon, 2018-04-16 04:49:57	38.6°C	███
Mon, 2018-04-16 04:50:57	38.6°C	███
Mon, 2018-04-16 04:51:57	38.1°C	███
Mon, 2018-04-16 04:52:57	38.6°C	███
Mon, 2018-04-16 04:53:57	39.2°C	███
Mon, 2018-04-16 04:54:57	38.6°C	███
Mon, 2018-04-16 04:55:57	38.6°C	███
Mon, 2018-04-16 04:56:57	38.6°C	███
Mon, 2018-04-16 04:57:57	39.2°C	███
Mon, 2018-04-16 04:58:57	39.7°C	███
Mon, 2018-04-16 06:26:09	39.7°C	███
Mon, 2018-04-16 06:27:09	38.1°C	███
Mon, 2018-04-16 06:28:09	37.6°C	███
Mon, 2018-04-16 06:29:09	38.6°C	███
Mon, 2018-04-16 06:30:09	38.6°C	███
Mon, 2018-04-16 06:31:09	38.6°C	███
Mon, 2018-04-16 06:32:09	38.6°C	███
Mon, 2018-04-16 06:33:09	38.6°C	███
Mon, 2018-04-16 06:34:09	38.6°C	███
Mon, 2018-04-16 06:35:09	38.6°C	███
Mon, 2018-04-16 06:36:09	38.6°C	███
Mon, 2018-04-16 06:37:10	37.6°C	███
Mon, 2018-04-16 06:38:10	39.2°C	███
Mon, 2018-04-16 06:39:10	38.6°C	███
Mon, 2018-04-16 06:40:10	38.6°C	███
Mon, 2018-04-16 06:41:10	38.6°C	███
Mon, 2018-04-16 06:42:10	38.6°C	███
Mon, 2018-04-16 06:43:10	38.6°C	███
Mon, 2018-04-16 06:44:10	38.6°C	███
Mon, 2018-04-16 06:45:10	38.6°C	███
Mon, 2018-04-16 06:46:10	38.6°C	███
Mon, 2018-04-16 06:47:10	38.6°C	███
Mon, 2018-04-16 06:48:10	39.7°C	███
Mon, 2018-04-16 06:49:10	38.6°C	███
Mon, 2018-04-16 06:50:10	38.6°C	███
Mon, 2018-04-16 06:51:10	38.6°C	███
Mon, 2018-04-16 06:52:10	38.6°C	███
Mon, 2018-04-16 06:53:10	39.2°C	███
Mon, 2018-04-16 06:54:10	39.2°C	███
Mon, 2018-04-16 06:55:10	38.6°C	███
Mon, 2018-04-16 06:56:11	38.6°C	███
Mon, 2018-04-16 06:57:11	38.6°C	███
Mon, 2018-04-16 06:58:11	38.6°C	███
Mon, 2018-04-16 06:59:11	38.6°C	███
Mon, 2018-04-16 07:00:11	38.6°C	███
Mon, 2018-04-16 07:01:11	38.6°C	███
Mon, 2018-04-16 07:02:11	38.6°C	███
Mon, 2018-04-16 07:03:11	38.1°C	███
Mon, 2018-04-16 07:04:11	38.1°C	███
Mon, 2018-04-16 07:05:11	38.6°C	███
Mon, 2018-04-16 07:06:11	37.6°C	███
Mon, 2018-04-16 07:07:11	38.1°C	███
Mon, 2018-04-16 07:08:11	37.6°C	███
Mon, 2018-04-16 07:09:11	38.6°C	███
Mon, 2018-04-16 07:10:11	38.6°C	███
Mon, 2018-04-16 07:11:11	38.6°C	███
Mon, 2018-04-16 07:12:11	38.6°C	███
Mon, 2018-04-16 07:13:11	38.1°C	███
Mon, 2018-04-16 07:14:12	38.1°C	███
Mon, 2018-04-16 07:15:12	38.6°C	███
Mon, 2018-04-16 07:16:12	38.6°C	███
Mon, 2018-04-16 07:17:12	38.1°C	███
Mon, 2018-04-16 07:18:12	38.6°C	███
Mon, 2018-04-16 07:19:12	38.1°C	███
Mon, 2018-04-16 07:20:12	38.6°C	███
Mon, 2018-04-16 07:21:12	38.1°C	███
Mon, 2018-04-16 07:22:12	38.6°C	███
Mon, 2018-04-16 07:23:12	38.6°C	███
Mon, 2018-04-16 07:24:12	38.6°C	███
Mon, 2018-04-16 07:25:12	39.7°C	███
Mon, 2018-04-16 07:26:12	37.6°C	███
Mon, 2018-04-16 07:27:12	38.6°C	███
Mon, 2018-04-16 07:28:12	37.6°C	███
Mon, 2018-04-16 07:29:12	38.1°C	███
Mon, 2018-04-16 07:30:13	38.1°C	███
Mon, 2018-04-16 07:31:13	38.1°C	███
Mon, 2018-04-16 07:32:13	38.6°C	███
Mon, 2018-04-16 07:33:13	37.6°C	███
Mon, 2018-04-16 07:34:13	38.1°C	███
Mon, 2018-04-16 07:35:13	38.6°C	███
Mon, 2018-04-16 07:36:13	37.6°C	███
Mon, 2018-04-16 07:37:13	38.1°C	███
Mon, 2018-04-16 07:38:13	38.1°C	███
Mon, 2018-04-16 07:39:13	38.1°C	███
Mon, 2018-04-16 07:40:13	37.6°C	███
Mon, 2018-04-16 07:41:13	38.6°C	███
Mon, 2018-04-16 07:42:13	38.6°C	███
Mon, 2018-04-16 07:43:13	38.6°C	███
Mon, 2018-04-16 07:44:13	38.1°C	███
Mon, 2018-04-16 07:45:13	38.6°C	███
Mon, 2018-04-16 07:46:13	38.6°C	███
Mon, 2018-04-16 07:47:13	38.6°C	███
Mon, 2018-04-16 07:48:13	38.6°C	███
Mon, 2018-04-16 07:49:13	38.6°C	███
Mon, 2018-04-16 07:50:14	38.6°C	███
Mon, 2018-04-16 07:51:14	38.6°C	███
Mon, 2018-04-16 07:52:14	38.6°C	███
Mon, 2018-04-16 07:53:14	37.6°C	███
Mon, 2018-04-16 07:54:14	38.1°C	███
Mon, 2018-04-16 07:55:14	38.6°C	███
Mon, 2018-04-16 07:56:14	38.6°C	███
Mon, 2018-04-16 07:57:14	39.7°C	███
Mon, 2018-04-16 07:58:14	37.6°C	███
Mon, 2018-04-16 07:59:14	38.6°C	███
Mon, 2018-04-16 08:00:14	37.6°C	███
Mon, 2018-04-16 08:01:14	38.6°C	███
Mon, 2018-04-16 08:02:14	39.2°C	███
Mon, 2018-04-16 08:03:14	37.6°C	███
Mon, 2018-04-16 08:04:14	38.6°C	███
Mon, 2018-04-16 08:05:14	38.1°C	███
Mon, 2018-04-16 08:06:15	37.6°C	███
Mon, 2018-04-16 08:07:15	39.2°C	███
Mon, 2018-04-16 08:08:15	38.1°C	███
Mon, 2018-04-16 08:09:15	38.6°C	███
Mon, 2018-04-16 08:10:15	38.1°C	███
Mon, 2018-04-16 08:11:15	38.1°C	███
Mon, 2018-04-16 08:12:15	38.6°C	███
Mon, 2018-04-16 08:13:15	38.1°C	███
Mon, 2018-04-16 08:14:15	38.6°C	███
Mon, 2018-04-16 08:15:15	38.1°C	███
Mon, 2018-04-16 08:16:15	38.6°C	███
Mon, 2018-04-16 08:17:15	38.1°C	███
Mon, 2018-04-16 08:18:15	38.1°C	███
Mon, 2018-04-16 08:19:15	38.6°C	███
Mon, 2018-04-16 08:20:15	38.1°C	███
Mon, 2018-04-16 08:21:15	38.6°C	███
Mon, 2018-04-16 08:22:16	38.6°C	███
Mon, 2018-04-16 08:23:16	37.6°C	███
Mon, 2018-04-16 08:24:16	38.6°C	███
Mon, 2018-04-16 08:25:16	38.6°C	███
Mon, 2018-04-16 08:26:16	37.6°C	███
Mon, 2018-04-16 08:27:16	37.6°C	███
Mon, 2018-04-16 08:28:16	38.1°C	███
Mon, 2018-04-16 08:29:16	38.6°C	███
Mon, 2018-04-16 08:30:16	38.1°C	███
Mon, 2018-04-16 08:31:16	38.6°C	███
Mon, 2018-04-16 08:32:16	37.6°C	███
Mon, 2018-04-16 08:33:16	37.6°C	███
Mon, 2018-04-16 08:34:16	38.6°C	███
Mon, 2018-04-16 08:35:16	38.6°C	███
Mon, 2018-04-16 08:36:16	38.1°C	███
Mon, 2018-04-16 08:37:16	38.1°C	███
Mon, 2018-04-16 08:38:17	37.6°C	███
Mon, 2018-04-16 08:39:17	39.2°C	███
Mon, 2018-04-16 08:40:17	38.1°C	███
Mon, 2018-04-16 08:41:17	38.1°C	███
Mon, 2018-04-16 08:42:17	37.6°C	███
Mon, 2018-04-16 08:43:17	37.6°C	███
Mon, 2018-04-16 08:44:17	38.6°C	███
Mon, 2018-04-16 08:45:17	37.6°C	███
Mon, 2018-04-16 08:46:17	38.1°C	███
Mon, 2018-04-16 08:47:17	38.1°C	███
Mon, 2018-04-16 08:48:17	38.1°C	███
Mon, 2018-04-16 08:49:17	37.6°C	███
Mon, 2018-04-16 08:50:17	37.6°C	███
Mon, 2018-04-16 08:51:17	38.6°C	███
Mon, 2018-04-16 08:52:17	37.6°C	███
Mon, 2018-04-16 08:53:17	38.6°C	███
Mon, 2018-04-16 08:54:17	38.1°C	███
Mon, 2018-04-16 08:55:18	38.6°C	███
Mon, 2018-04-16 08:56:18	38.6°C	███
Mon, 2018-04-16 08:57:18	38.1°C	███
Mon, 2018-04-16 08:58:18	37.6°C	███
Mon, 2018-04-16 08:59:18	37.6°C	███
Mon, 2018-04-16 09:00:18	37.6°C	███
Mon, 2018-04-16 09:01:18	39.2°C	███
Mon, 2018-04-16 09:02:18	38.6°C	███
Mon, 2018-04-16 09:03:18	38.1°C	███
Mon, 2018-04-16 09:04:18	38.1°C	███
Mon, 2018-04-16 09:05:18	37.6°C	███
Mon, 2018-04-16 09:06:18	39.2°C	███
Mon, 2018-04-16 09:07:18	37.6°C	███
Mon, 2018-04-16 09:08:18	38.1°C	███
Mon, 2018-04-16 09:09:18	37.6°C	███
Mon, 2018-04-16 09:10:18	38.6°C	███
Mon, 2018-04-16 09:11:19	38.6°C	███
Mon, 2018-04-16 09:12:19	38.6°C	███
Mon, 2018-04-16 09:13:19	38.1°C	███
Mon, 2018-04-16 09:14:19	38.1°C	███
Mon, 2018-04-16 09:15:19	37.6°C	███
Mon, 2018-04-16 09:16:19	38.6°C	███
Mon, 2018-04-16 09:17:19	38.6°C	███
Mon, 2018-04-16 09:18:19	38.6°C	███
Mon, 2018-04-16 09:19:19	37.6°C	███
Mon, 2018-04-16 09:20:19	38.6°C	███
Mon, 2018-04-16 09:21:19	38.1°C	███
Mon, 2018-04-16 09:22:19	38.6°C	███
Mon, 2018-04-16 09:23:19	37.6°C	███
Mon, 2018-04-16 09:24:19	38.1°C	███
Mon, 2018-04-16 09:25:19	38.1°C	███
Mon, 2018-04-16 09:26:19	37.6°C	███
Mon, 2018-04-16 09:27:19	38.1°C	███
Mon, 2018-04-16 09:28:19	38.6°C	███
Mon, 2018-04-16 09:29:20	38.6°C	███
Mon, 2018-04-16 09:30:20	37.6°C	███
Mon, 2018-04-16 09:31:20	37.6°C	███
Mon, 2018-04-16 09:32:20	37.6°C	███
Mon, 2018-04-16 09:33:20	39.2°C	███
Mon, 2018-04-16 09:34:20	37.6°C	███
Mon, 2018-04-16 09:35:20	38.1°C	███
Mon, 2018-04-16 09:36:20	38.1°C	███
Mon, 2018-04-16 09:37:20	38.1°C	███
Mon, 2018-04-16 09:38:20	39.2°C	███
Mon, 2018-04-16 09:39:20	37.6°C	███
Mon, 2018-04-16 09:40:20	37.6°C	███
Mon, 2018-04-16 09:41:20	38.1°C	███
Mon, 2018-04-16 09:42:20	38.1°C	███
Mon, 2018-04-16 09:43:20	38.6°C	███
Mon, 2018-04-16 09:44:20	37.6°C	███
Mon, 2018-04-16 09:45:20	37.6°C	███
Mon, 2018-04-16 09:46:20	38.6°C	███
Mon, 2018-04-16 09:47:20	37.6°C	███
Mon, 2018-04-16 09:48:20	38.6°C	███
Mon, 2018-04-16 09:49:20	37.6°C	███
Mon, 2018-04-16 09:50:21	38.1°C	███
Mon, 2018-04-16 09:51:21	37.6°C	███
Mon, 2018-04-16 09:52:21	37.6°C	███
Mon, 2018-04-16 09:53:21	37.6°C	███
Mon, 2018-04-16 09:54:21	38.1°C	███
Mon, 2018-04-16 09:55:21	38.6°C	███
Mon, 2018-04-16 09:56:21	37.6°C	███
Mon, 2018-04-16 09:57:21	37.6°C	███
Mon, 2018-04-16 09:58:21	37.6°C	███
Mon, 2018-04-16 09:59:21	38.6°C	███
Mon, 2018-04-16 10:00:21	38.6°C	███
Mon, 2018-04-16 10:01:21	37.6°C	███
Mon, 2018-04-16 10:02:21	37.6°C	███
Mon, 2018-04-16 10:03:21	37.6°C	███
Mon, 2018-04-16 10:04:22	37.6°C	███
Mon, 2018-04-16 10:05:22	38.6°C	███
Mon, 2018-04-16 10:06:22	37.6°C	███
Mon, 2018-04-16 10:07:22	37.6°C	███
Mon, 2018-04-16 10:08:22	37.6°C	███
Mon, 2018-04-16 10:09:22	37.6°C	███
Mon, 2018-04-16 10:10:22	39.2°C	███
Mon, 2018-04-16 10:11:22	37.6°C	███
Mon, 2018-04-16 10:12:22	38.6°C	███
Mon, 2018-04-16 10:13:22	37.6°C	███
Mon, 2018-04-16 10:14:22	37.6°C	███
Mon, 2018-04-16 10:15:22	38.1°C	███
Mon, 2018-04-16 10:16:22	38.1°C	███
Mon, 2018-04-16 10:17:22	37.6°C	███
Mon, 2018-04-16 10:18:22	38.1°C	███
Mon, 2018-04-16 10:19:22	37.6°C	███
Mon, 2018-04-16 10:20:22	38.6°C	███
Mon, 2018-04-16 10:21:23	37.6°C	███
Mon, 2018-04-16 10:22:23	38.6°C	███
Mon, 2018-04-16 10:23:23	37.6°C	███
Mon, 2018-04-16 10:24:23	38.1°C	███
Mon, 2018-04-16 10:25:23	37.6°C	███
Mon, 2018-04-16 10:26:23	38.1°C	███
Mon, 2018-04-16 10:27:23	38.1°C	███
Mon, 2018-04-16 10:28:23	37.6°C	███
Mon, 2018-04-16 10:29:23	38.1°C	███
Mon, 2018-04-16 10:30:23	37.6°C	███
Mon, 2018-04-16 10:31:23	38.1°C	███
Mon, 2018-04-16 10:32:23	37.6°C	███
Mon, 2018-04-16 10:33:23	38.1°C	███
Mon, 2018-04-16 10:34:23	38.1°C	███
Mon, 2018-04-16 10:35:23	38.1°C	███
Mon, 2018-04-16 10:36:23	38.1°C	███
Mon, 2018-04-16 10:37:23	38.6°C	███
Mon, 2018-04-16 10:38:23	38.1°C	███
Mon, 2018-04-16 10:39:23	38.1°C	███
Mon, 2018-04-16 10:40:24	38.1°C	███
Mon, 2018-04-16 10:41:24	38.1°C	███
Mon, 2018-04-16 10:42:24	39.7°C	███
Mon, 2018-04-16 10:43:24	38.1°C	███
Mon, 2018-04-16 10:44:24	38.6°C	███
Mon, 2018-04-16 10:45:24	38.6°C	███
Mon, 2018-04-16 10:46:24	37.6°C	███
Mon, 2018-04-16 10:47:24	38.6°C	███
Mon, 2018-04-16 10:48:24	38.6°C	███
Mon, 2018-04-16 10:49:24	38.6°C	███
Mon, 2018-04-16 10:50:24	38.1°C	███
Mon, 2018-04-16 10:51:24	38.1°C	███
Mon, 2018-04-16 10:52:24	39.2°C	███
Mon, 2018-04-16 10:53:24	38.6°C	███
Mon, 2018-04-16 10:54:24	38.1°C	███
Mon, 2018-04-16 10:55:24	37.6°C	███
Mon, 2018-04-16 10:56:24	38.1°C	███
Mon, 2018-04-16 10:57:24	38.6°C	███
Mon, 2018-04-16 10:58:24	38.1°C	███
Mon, 2018-04-16 10:59:25	38.1°C	███
Mon, 2018-04-16 11:00:25	38.6°C	███
Mon, 2018-04-16 11:01:25	38.6°C	███
Mon, 2018-04-16 11:02:25	37.6°C	███
Mon, 2018-04-16 11:03:25	37.6°C	███
Mon, 2018-04-16 11:04:25	38.6°C	███
Mon, 2018-04-16 11:05:25	37.6°C	███
Mon, 2018-04-16 11:06:25	38.1°C	███
Mon, 2018-04-16 11:07:25	38.6°C	███
Mon, 2018-04-16 11:08:25	37.6°C	███
Mon, 2018-04-16 11:09:25	38.6°C	███
Mon, 2018-04-16 11:10:25	38.1°C	███
Mon, 2018-04-16 11:11:25	38.6°C	███
Mon, 2018-04-16 11:12:25	38.6°C	███
Mon, 2018-04-16 11:13:25	37.6°C	███
Mon, 2018-04-16 11:14:25	39.2°C	███
Mon, 2018-04-16 11:15:25	38.6°C	███
Mon, 2018-04-16 11:16:26	38.6°C	███
Mon, 2018-04-16 11:17:26	38.1°C	███
Mon, 2018-04-16 11:18:26	38.1°C	███
Mon, 2018-04-16 11:19:26	39.7°C	███
Mon, 2018-04-16 11:20:26	37.6°C	███
Mon, 2018-04-16 11:21:26	38.6°C	███
Mon, 2018-04-16 11:22:26	38.1°C	███
Mon, 2018-04-16 11:23:26	38.1°C	███
Mon, 2018-04-16 11:24:26	38.6°C	███
Mon, 2018-04-16 11:25:26	38.1°C	███
Mon, 2018-04-16 11:26:26	38.1°C	███
Mon, 2018-04-16 11:27:26	38.6°C	███
Mon, 2018-04-16 11:28:26	37.6°C	███
Mon, 2018-04-16 11:29:26	38.6°C	███
Mon, 2018-04-16 11:30:26	37.6°C	███
Mon, 2018-04-16 11:31:26	38.1°C	███
Mon, 2018-04-16 11:32:26	38.1°C	███
Mon, 2018-04-16 11:33:26	38.6°C	███
Mon, 2018-04-16 11:34:26	38.6°C	███
Mon, 2018-04-16 11:35:26	38.1°C	███
Mon, 2018-04-16 11:36:27	38.6°C	███
Mon, 2018-04-16 11:37:27	38.1°C	███
Mon, 2018-04-16 11:38:27	37.6°C	███
Mon, 2018-04-16 11:39:27	37.6°C	███
Mon, 2018-04-16 11:40:27	38.1°C	███
Mon, 2018-04-16 11:41:27	38.1°C	███
Mon, 2018-04-16 11:42:27	38.1°C	███
Mon, 2018-04-16 11:43:27	37.6°C	███
Mon, 2018-04-16 11:44:27	38.6°C	███
Mon, 2018-04-16 11:45:27	38.1°C	███
Mon, 2018-04-16 11:46:27	39.2°C	███
Mon, 2018-04-16 11:47:27	38.6°C	███
Mon, 2018-04-16 11:48:27	38.6°C	███
Mon, 2018-04-16 11:49:27	38.1°C	███
Mon, 2018-04-16 11:50:51	34.3°C	███
Mon, 2018-04-16 11:51:51	32.2°C	███
Mon, 2018-04-16 11:52:51	33.2°C	███
Mon, 2018-04-16 11:53:51	34.3°C	███
Tue, 2018-04-17 00:16:32	32.2°C	███
Tue, 2018-04-17 00:17:32	32.7°C	███
Tue, 2018-04-17 00:18:32	33.8°C	███
Tue, 2018-04-17 00:19:32	34.3°C	███
Tue, 2018-04-17 00:20:32	34.9°C	███
Tue, 2018-04-17 00:21:32	34.9°C	███
Tue, 2018-04-17 00:22:32	35.4°C	███
Tue, 2018-04-17 00:23:32	35.4°C	███
Tue, 2018-04-17 00:24:33	35.4°C	███
Tue, 2018-04-17 00:25:33	35.4°C	███
Tue, 2018-04-17 00:26:33	35.4°C	███
Tue, 2018-04-17 00:27:33	34.9°C	███
Tue, 2018-04-17 00:28:33	36.5°C	███
Tue, 2018-04-17 00:29:33	35.4°C	███
Tue, 2018-04-17 00:30:33	35.4°C	███
Tue, 2018-04-17 00:31:33	36.5°C	███
Tue, 2018-04-17 00:32:33	36.5°C	███
Tue, 2018-04-17 00:33:33	36.5°C	███
Tue, 2018-04-17 00:34:33	36.5°C	███
Tue, 2018-04-17 00:35:33	36.5°C	███
Tue, 2018-04-17 00:36:33	36.5°C	███
Tue, 2018-04-17 00:37:33	36.5°C	███
Tue, 2018-04-17 00:38:33	37.6°C	███
Tue, 2018-04-17 00:39:33	36.5°C	███
Tue, 2018-04-17 00:40:33	36.5°C	███
Tue, 2018-04-17 00:41:33	36.5°C	███
Tue, 2018-04-17 00:42:34	36.5°C	███
Tue, 2018-04-17 00:43:34	37.6°C	███
Tue, 2018-04-17 00:44:34	36.5°C	███
Tue, 2018-04-17 00:45:34	36.5°C	███
Tue, 2018-04-17 00:46:34	35.4°C	███
Tue, 2018-04-17 00:47:34	36.5°C	███
Tue, 2018-04-17 00:48:34	37.0°C	███
Tue, 2018-04-17 00:49:34	36.5°C	███
Tue, 2018-04-17 00:50:34	36.5°C	███
Tue, 2018-04-17 00:51:34	36.5°C	███
Tue, 2018-04-17 00:52:34	36.5°C	███
Tue, 2018-04-17 00:53:34	38.1°C	███
Tue, 2018-04-17 00:54:34	37.0°C	███
Tue, 2018-04-17 00:55:34	37.6°C	███
Tue, 2018-04-17 00:56:34	37.0°C	███
Tue, 2018-04-17 00:57:34	37.0°C	███
Tue, 2018-04-17 00:58:34	36.5°C	███
Tue, 2018-04-17 00:59:35	36.5°C	███
Tue, 2018-04-17 01:00:35	37.0°C	███
Tue, 2018-04-17 01:01:35	37.6°C	███
Tue, 2018-04-17 01:02:35	37.6°C	███
Tue, 2018-04-17 01:03:35	37.0°C	███
Tue, 2018-04-17 01:04:35	37.6°C	███
Tue, 2018-04-17 01:05:35	37.6°C	███
Tue, 2018-04-17 01:06:35	37.0°C	███
Tue, 2018-04-17 01:07:35	37.0°C	███
Tue, 2018-04-17 01:08:35	37.0°C	███
Tue, 2018-04-17 01:09:35	37.6°C	███
Tue, 2018-04-17 01:10:35	37.6°C	███
Tue, 2018-04-17 01:11:35	37.6°C	███
Tue, 2018-04-17 01:12:35	37.6°C	███
Tue, 2018-04-17 01:13:35	37.6°C	███
Tue, 2018-04-17 01:14:35	37.0°C	███
Tue, 2018-04-17 01:15:35	38.6°C	███
Tue, 2018-04-17 01:16:35	37.0°C	███
Tue, 2018-04-17 01:17:35	37.0°C	███
Tue, 2018-04-17 01:18:36	37.6°C	███
Tue, 2018-04-17 01:19:36	37.6°C	███
Tue, 2018-04-17 01:20:36	37.6°C	███
Tue, 2018-04-17 01:21:36	37.6°C	███
Tue, 2018-04-17 01:22:36	37.6°C	███
Tue, 2018-04-17 01:23:36	36.5°C	███
Tue, 2018-04-17 01:24:36	37.6°C	███
Tue, 2018-04-17 01:25:36	39.2°C	███
Tue, 2018-04-17 01:26:36	37.6°C	███
Tue, 2018-04-17 01:27:36	37.6°C	███
Tue, 2018-04-17 01:28:36	37.6°C	███
Tue, 2018-04-17 01:29:36	37.6°C	███
Tue, 2018-04-17 01:30:36	38.1°C	███
Tue, 2018-04-17 01:31:36	37.6°C	███
Tue, 2018-04-17 01:32:36	38.6°C	███
Tue, 2018-04-17 01:33:36	37.6°C	███
Tue, 2018-04-17 01:34:36	37.6°C	███
Tue, 2018-04-17 01:35:37	37.6°C	███
Tue, 2018-04-17 01:36:37	37.6°C	███
Tue, 2018-04-17 01:37:37	37.6°C	███
Tue, 2018-04-17 01:38:37	37.6°C	███
Tue, 2018-04-17 01:39:37	37.6°C	███
Tue, 2018-04-17 01:40:37	37.6°C	███
Tue, 2018-04-17 01:41:37	37.6°C	███
Tue, 2018-04-17 01:42:37	38.1°C	███
Tue, 2018-04-17 01:43:37	37.6°C	███
Tue, 2018-04-17 01:44:37	37.6°C	███
Tue, 2018-04-17 01:45:37	37.6°C	███
Tue, 2018-04-17 01:46:37	37.6°C	███
Tue, 2018-04-17 01:47:37	39.7°C	███
Tue, 2018-04-17 01:48:37	38.1°C	███
Tue, 2018-04-17 01:49:37	37.6°C	███
Tue, 2018-04-17 01:50:37	37.6°C	███
Tue, 2018-04-17 01:51:38	37.6°C	███
Tue, 2018-04-17 01:52:38	38.1°C	███
Tue, 2018-04-17 01:53:38	37.6°C	███
Tue, 2018-04-17 01:54:38	37.6°C	███
Tue, 2018-04-17 01:55:38	37.6°C	███
Tue, 2018-04-17 01:56:38	37.6°C	███
Tue, 2018-04-17 01:57:38	37.6°C	███
Tue, 2018-04-17 01:58:38	37.6°C	███
Tue, 2018-04-17 01:59:38	37.6°C	███
Tue, 2018-04-17 02:00:38	37.6°C	███
Tue, 2018-04-17 02:01:38	37.6°C	███
Tue, 2018-04-17 02:02:38	37.6°C	███
Tue, 2018-04-17 02:03:38	37.6°C	███
Tue, 2018-04-17 02:04:38	38.1°C	███
Tue, 2018-04-17 02:05:38	37.6°C	███
Tue, 2018-04-17 02:06:39	37.6°C	███
Tue, 2018-04-17 02:07:39	37.6°C	███
Tue, 2018-04-17 02:08:39	37.6°C	███
Tue, 2018-04-17 02:09:39	38.6°C	███
Tue, 2018-04-17 02:10:39	37.6°C	███
Tue, 2018-04-17 02:11:39	37.6°C	███
Tue, 2018-04-17 02:12:39	38.1°C	███
Tue, 2018-04-17 02:13:39	37.6°C	███
Tue, 2018-04-17 02:14:39	38.6°C	███
Tue, 2018-04-17 02:15:39	37.6°C	███
Tue, 2018-04-17 02:16:39	37.6°C	███
Tue, 2018-04-17 02:17:39	38.1°C	███
Tue, 2018-04-17 02:18:39	37.6°C	███
Tue, 2018-04-17 02:19:39	37.6°C	███
Tue, 2018-04-17 02:20:39	38.1°C	███
Tue, 2018-04-17 02:21:39	37.6°C	███
Tue, 2018-04-17 02:22:39	38.1°C	███
Tue, 2018-04-17 02:23:39	37.6°C	███
Tue, 2018-04-17 02:24:39	39.2°C	███
Tue, 2018-04-17 02:25:40	37.6°C	███
Tue, 2018-04-17 02:26:40	38.1°C	███
Tue, 2018-04-17 02:27:40	37.6°C	███
Tue, 2018-04-17 02:28:40	38.1°C	███
Tue, 2018-04-17 02:29:40	38.1°C	███
Tue, 2018-04-17 02:30:40	37.6°C	███
Tue, 2018-04-17 02:31:40	37.6°C	███
Tue, 2018-04-17 02:32:40	37.6°C	███
Tue, 2018-04-17 02:33:40	37.6°C	███
Tue, 2018-04-17 02:34:40	38.6°C	███
Tue, 2018-04-17 02:35:40	37.6°C	███
Tue, 2018-04-17 02:36:40	38.1°C	███
Tue, 2018-04-17 02:37:40	37.6°C	███
Tue, 2018-04-17 02:38:40	37.6°C	███
Tue, 2018-04-17 02:39:40	37.6°C	███
Tue, 2018-04-17 02:40:40	37.6°C	███
Tue, 2018-04-17 02:41:41	38.1°C	███
Tue, 2018-04-17 02:42:41	37.6°C	███
Tue, 2018-04-17 02:43:41	38.1°C	███
Tue, 2018-04-17 02:44:41	38.1°C	███
Tue, 2018-04-17 02:45:41	38.1°C	███
Tue, 2018-04-17 02:46:41	38.6°C	███
Tue, 2018-04-17 02:47:41	38.1°C	███
Tue, 2018-04-17 02:48:41	38.6°C	███
Tue, 2018-04-17 02:49:41	37.6°C	███
Tue, 2018-04-17 02:50:41	38.1°C	███
Tue, 2018-04-17 02:51:41	37.6°C	███
Tue, 2018-04-17 02:52:41	38.1°C	███
Tue, 2018-04-17 02:53:41	37.6°C	███
Tue, 2018-04-17 02:54:41	37.6°C	███
Tue, 2018-04-17 02:55:41	38.6°C	███
Tue, 2018-04-17 02:56:41	39.2°C	███
Tue, 2018-04-17 02:57:41	38.1°C	███
Tue, 2018-04-17 02:58:41	37.6°C	███
Tue, 2018-04-17 02:59:41	37.6°C	███
Tue, 2018-04-17 03:00:42	38.1°C	███
Tue, 2018-04-17 03:01:42	38.6°C	███
Tue, 2018-04-17 03:02:42	37.6°C	███
Tue, 2018-04-17 03:03:42	37.6°C	███
Tue, 2018-04-17 03:04:42	37.6°C	███
Tue, 2018-04-17 03:05:42	38.1°C	███
Tue, 2018-04-17 03:06:42	38.6°C	███
Tue, 2018-04-17 03:07:42	37.6°C	███
Tue, 2018-04-17 03:08:42	37.6°C	███
Tue, 2018-04-17 03:09:42	37.6°C	███
Tue, 2018-04-17 03:10:42	38.1°C	███
Tue, 2018-04-17 03:11:42	37.6°C	███
Tue, 2018-04-17 03:12:42	37.6°C	███
Tue, 2018-04-17 03:13:42	38.6°C	███
Tue, 2018-04-17 03:14:42	37.6°C	███
Tue, 2018-04-17 03:15:43	37.6°C	███
Tue, 2018-04-17 03:16:43	37.6°C	███
Tue, 2018-04-17 03:17:43	38.1°C	███
Tue, 2018-04-17 03:18:43	37.6°C	███
Tue, 2018-04-17 03:19:43	38.1°C	███
Tue, 2018-04-17 03:20:43	37.6°C	███
Tue, 2018-04-17 03:21:43	38.1°C	███
Tue, 2018-04-17 03:22:43	38.6°C	███
Tue, 2018-04-17 03:23:43	39.2°C	███
Tue, 2018-04-17 03:24:43	38.6°C	███
Tue, 2018-04-17 03:25:43	38.6°C	███
Tue, 2018-04-17 03:26:43	37.6°C	███
Tue, 2018-04-17 03:27:43	38.1°C	███
Tue, 2018-04-17 03:28:43	39.2°C	███
Tue, 2018-04-17 03:29:43	38.1°C	███
Tue, 2018-04-17 03:30:43	37.6°C	███
Tue, 2018-04-17 03:31:43	37.6°C	███
Tue, 2018-04-17 03:32:43	38.1°C	███
Tue, 2018-04-17 03:33:43	38.1°C	███
Tue, 2018-04-17 03:34:44	37.6°C	███
Tue, 2018-04-17 03:35:44	37.6°C	███
Tue, 2018-04-17 03:36:44	38.1°C	███
Tue, 2018-04-17 03:37:44	38.1°C	███
Tue, 2018-04-17 03:38:44	38.6°C	███
Tue, 2018-04-17 03:39:44	38.6°C	███
Tue, 2018-04-17 03:40:44	38.6°C	███
Tue, 2018-04-17 03:41:44	38.1°C	███
Tue, 2018-04-17 03:42:44	38.1°C	███
Tue, 2018-04-17 03:43:44	38.6°C	███
Tue, 2018-04-17 03:44:44	38.6°C	███
Tue, 2018-04-17 03:45:44	37.6°C	███
Tue, 2018-04-17 03:46:44	38.1°C	███
Tue, 2018-04-17 03:47:44	38.6°C	███
Tue, 2018-04-17 03:48:44	38.6°C	███
Tue, 2018-04-17 03:49:44	38.1°C	███
Tue, 2018-04-17 03:50:44	38.6°C	███
Tue, 2018-04-17 03:51:44	38.1°C	███
Tue, 2018-04-17 03:52:45	37.6°C	███
Tue, 2018-04-17 03:53:45	38.1°C	███
Tue, 2018-04-17 03:54:45	38.6°C	███
Tue, 2018-04-17 03:55:45	38.6°C	███
Tue, 2018-04-17 03:56:45	38.6°C	███
Tue, 2018-04-17 03:57:45	38.1°C	███
Tue, 2018-04-17 03:58:45	38.6°C	███
Tue, 2018-04-17 03:59:45	37.6°C	███
Tue, 2018-04-17 04:00:45	38.6°C	███
Tue, 2018-04-17 04:01:45	38.1°C	███
Tue, 2018-04-17 04:02:45	38.6°C	███
Tue, 2018-04-17 04:03:45	38.6°C	███
Tue, 2018-04-17 04:04:45	38.1°C	███
Tue, 2018-04-17 04:05:45	39.7°C	███
Tue, 2018-04-17 04:06:45	38.1°C	███
Tue, 2018-04-17 04:07:45	37.6°C	███
Tue, 2018-04-17 04:08:46	38.6°C	███
Tue, 2018-04-17 04:09:46	37.6°C	███
Tue, 2018-04-17 04:10:46	37.6°C	███
Tue, 2018-04-17 04:11:46	38.1°C	███
Tue, 2018-04-17 04:12:46	38.6°C	███
Tue, 2018-04-17 04:13:46	37.6°C	███
Tue, 2018-04-17 04:14:46	38.1°C	███
Tue, 2018-04-17 04:15:46	38.6°C	███
Tue, 2018-04-17 04:16:46	38.1°C	███
Tue, 2018-04-17 04:17:46	38.6°C	███
Tue, 2018-04-17 04:18:46	37.6°C	███
Tue, 2018-04-17 04:19:46	38.1°C	███
Tue, 2018-04-17 04:20:46	38.6°C	███
Tue, 2018-04-17 04:21:46	37.6°C	███
Tue, 2018-04-17 04:22:46	38.6°C	███
Tue, 2018-04-17 04:23:46	37.6°C	███
Tue, 2018-04-17 04:24:46	38.6°C	███
Tue, 2018-04-17 04:25:47	38.6°C	███
Tue, 2018-04-17 04:26:47	38.6°C	███
Tue, 2018-04-17 04:27:47	38.6°C	███
Tue, 2018-04-17 04:28:47	38.6°C	███
Tue, 2018-04-17 04:29:47	38.1°C	███
Tue, 2018-04-17 04:30:47	38.6°C	███
Tue, 2018-04-17 04:31:47	38.6°C	███
Tue, 2018-04-17 04:32:47	39.7°C	███
Tue, 2018-04-17 04:33:47	37.6°C	███
Tue, 2018-04-17 04:34:47	38.6°C	███
Tue, 2018-04-17 04:35:47	37.6°C	███
Tue, 2018-04-17 04:36:47	37.6°C	███
Tue, 2018-04-17 04:37:47	39.7°C	███
Tue, 2018-04-17 04:38:47	38.1°C	███
Tue, 2018-04-17 04:39:47	37.6°C	███
Tue, 2018-04-17 04:40:47	38.6°C	███
Tue, 2018-04-17 04:41:47	38.6°C	███
Tue, 2018-04-17 04:17:34	40.2°C	████
Tue, 2018-04-17 04:17:34	40.8°C	████
Tue, 2018-04-17 04:18:34	38.1°C	███
Tue, 2018-04-17 04:18:34	38.6°C	███
Tue, 2018-04-17 04:19:34	38.6°C	███
Tue, 2018-04-17 04:19:34	38.1°C	███
Tue, 2018-04-17 04:20:34	38.6°C	███
Tue, 2018-04-17 04:20:34	38.6°C	███
Tue, 2018-04-17 04:21:34	38.6°C	███
Tue, 2018-04-17 04:21:34	38.6°C	███
Tue, 2018-04-17 04:22:34	38.6°C	███
Tue, 2018-04-17 04:22:34	39.2°C	███
Tue, 2018-04-17 04:23:34	38.1°C	███
Tue, 2018-04-17 04:23:34	38.6°C	███
Tue, 2018-04-17 04:24:34	38.6°C	███
Tue, 2018-04-17 04:24:34	38.6°C	███
Tue, 2018-04-17 04:25:34	38.6°C	███
Tue, 2018-04-17 04:25:34	38.1°C	███
Tue, 2018-04-17 04:26:34	38.6°C	███
Tue, 2018-04-17 04:26:34	38.6°C	███
Tue, 2018-04-17 04:27:34	39.2°C	███
Tue, 2018-04-17 04:27:34	38.6°C	███
Tue, 2018-04-17 04:28:34	38.1°C	███
Tue, 2018-04-17 04:28:34	38.6°C	███
Tue, 2018-04-17 04:29:34	38.6°C	███
Tue, 2018-04-17 04:29:35	38.1°C	███
Tue, 2018-04-17 04:30:34	38.6°C	███
Tue, 2018-04-17 04:30:35	37.6°C	███
Tue, 2018-04-17 04:31:34	38.6°C	███
Tue, 2018-04-17 04:31:35	38.6°C	███
Tue, 2018-04-17 04:32:34	39.2°C	███
Tue, 2018-04-17 04:32:35	39.2°C	███
Tue, 2018-04-17 04:33:34	37.6°C	███
Tue, 2018-04-17 04:33:35	37.6°C	███
Tue, 2018-04-17 04:34:34	38.1°C	███
Tue, 2018-04-17 04:34:35	38.6°C	███
Tue, 2018-04-17 04:35:35	37.6°C	███
Tue, 2018-04-17 04:35:35	38.6°C	███
Tue, 2018-04-17 04:36:35	38.1°C	███
Tue, 2018-04-17 04:36:35	38.1°C	███
Tue, 2018-04-17 04:37:35	38.1°C	███
Tue, 2018-04-17 04:37:35	38.1°C	███
Tue, 2018-04-17 04:38:35	37.6°C	███
Tue, 2018-04-17 04:38:35	38.1°C	███
Tue, 2018-04-17 04:39:35	38.6°C	███
Tue, 2018-04-17 04:39:35	38.6°C	███
Tue, 2018-04-17 04:40:35	38.6°C	███
Tue, 2018-04-17 04:40:35	37.6°C	███
Tue, 2018-04-17 04:41:35	38.6°C	███
Tue, 2018-04-17 04:41:35	38.6°C	███
Tue, 2018-04-17 04:42:35	38.1°C	███
Tue, 2018-04-17 04:42:35	38.1°C	███
Tue, 2018-04-17 04:43:35	38.1°C	███
Tue, 2018-04-17 04:43:35	38.1°C	███
Tue, 2018-04-17 04:44:35	38.6°C	███
Tue, 2018-04-17 04:44:36	38.6°C	███
Tue, 2018-04-17 04:45:35	37.6°C	███
Tue, 2018-04-17 04:45:36	38.1°C	███
Tue, 2018-04-17 04:46:35	38.6°C	███
Tue, 2018-04-17 04:46:36	38.6°C	███
Tue, 2018-04-17 04:47:35	38.6°C	███
Tue, 2018-04-17 04:47:36	38.1°C	███
Tue, 2018-04-17 04:48:35	37.6°C	███
Tue, 2018-04-17 04:48:36	38.6°C	███
Tue, 2018-04-17 04:49:35	38.6°C	███
Tue, 2018-04-17 04:49:36	38.6°C	███
Tue, 2018-04-17 04:50:35	37.6°C	███
Tue, 2018-04-17 04:50:36	37.6°C	███
Tue, 2018-04-17 04:51:35	37.6°C	███
Tue, 2018-04-17 04:51:36	37.6°C	███
Tue, 2018-04-17 04:52:35	37.6°C	███
Tue, 2018-04-17 04:52:36	38.1°C	███
Tue, 2018-04-17 04:53:36	38.1°C	███
Tue, 2018-04-17 04:53:36	38.1°C	███
Tue, 2018-04-17 04:54:36	39.7°C	███
Tue, 2018-04-17 04:54:36	39.7°C	███
Tue, 2018-04-17 04:55:36	38.6°C	███
Tue, 2018-04-17 04:55:36	37.6°C	███
Tue, 2018-04-17 04:56:36	38.1°C	███
Tue, 2018-04-17 04:56:36	38.6°C	███
Tue, 2018-04-17 04:57:36	38.6°C	███
Tue, 2018-04-17 04:57:36	38.1°C	███
Tue, 2018-04-17 04:58:36	38.6°C	███
Tue, 2018-04-17 04:58:36	38.1°C	███
Tue, 2018-04-17 04:59:36	38.6°C	███
Tue, 2018-04-17 04:59:36	39.2°C	███
Tue, 2018-04-17 05:00:36	38.1°C	███
Tue, 2018-04-17 05:00:36	38.6°C	███
Tue, 2018-04-17 05:01:36	37.6°C	███
Tue, 2018-04-17 05:01:36	37.6°C	███
Tue, 2018-04-17 05:02:36	37.6°C	███
Tue, 2018-04-17 05:02:36	38.1°C	███
Tue, 2018-04-17 05:03:36	38.6°C	███
Tue, 2018-04-17 05:03:36	38.1°C	███
Tue, 2018-04-17 05:04:36	39.2°C	███
Tue, 2018-04-17 05:04:36	39.2°C	███
Tue, 2018-04-17 05:05:36	38.1°C	███
Tue, 2018-04-17 05:05:37	38.6°C	███
Tue, 2018-04-17 05:06:36	37.6°C	███
Tue, 2018-04-17 05:06:37	38.6°C	███
Tue, 2018-04-17 05:07:36	38.6°C	███
Tue, 2018-04-17 05:07:37	38.1°C	███
Tue, 2018-04-17 05:08:36	37.6°C	███
Tue, 2018-04-17 05:08:37	38.6°C	███
Tue, 2018-04-17 05:09:37	38.6°C	███
Tue, 2018-04-17 05:09:37	38.6°C	███
Tue, 2018-04-17 05:10:37	38.6°C	███
Tue, 2018-04-17 05:10:37	38.1°C	███
Tue, 2018-04-17 05:11:37	38.6°C	███
Tue, 2018-04-17 05:11:37	38.6°C	███
Tue, 2018-04-17 05:12:37	37.6°C	███
Tue, 2018-04-17 05:12:37	37.6°C	███
Tue, 2018-04-17 05:13:37	38.1°C	███
Tue, 2018-04-17 05:13:37	37.6°C	███
Tue, 2018-04-17 05:14:37	38.1°C	███
Tue, 2018-04-17 05:14:37	37.6°C	███
Tue, 2018-04-17 05:15:37	38.1°C	███
Tue, 2018-04-17 05:15:37	38.1°C	███
Tue, 2018-04-17 05:16:37	37.6°C	███
Tue, 2018-04-17 05:16:37	37.6°C	███
Tue, 2018-04-17 05:17:37	37.6°C	███
Tue, 2018-04-17 05:17:37	38.6°C	███
Tue, 2018-04-17 05:18:37	37.6°C	███
Tue, 2018-04-17 05:18:37	38.6°C	███
Tue, 2018-04-17 05:19:37	38.6°C	███
Tue, 2018-04-17 05:19:37	38.1°C	███
Tue, 2018-04-17 05:20:37	38.1°C	███
Tue, 2018-04-17 05:20:37	38.1°C	███
Tue, 2018-04-17 05:21:37	38.6°C	███
Tue, 2018-04-17 05:21:37	38.6°C	███
Tue, 2018-04-17 05:22:37	38.1°C	███
Tue, 2018-04-17 05:22:37	38.6°C	███
Tue, 2018-04-17 05:23:37	38.6°C	███
Tue, 2018-04-17 05:23:37	38.1°C	███
Tue, 2018-04-17 05:24:37	38.1°C	███
Tue, 2018-04-17 05:24:38	38.1°C	███
Tue, 2018-04-17 05:25:37	37.6°C	███
Tue, 2018-04-17 05:25:38	37.6°C	███
Tue, 2018-04-17 05:26:38	39.7°C	███
Tue, 2018-04-17 05:26:38	39.7°C	███
Tue, 2018-04-17 05:27:38	38.6°C	███
Tue, 2018-04-17 05:27:38	37.6°C	███
Tue, 2018-04-17 05:28:38	38.6°C	███
Tue, 2018-04-17 05:28:38	37.6°C	███
Tue, 2018-04-17 05:29:38	37.6°C	███
Tue, 2018-04-17 05:29:38	38.1°C	███
Tue, 2018-04-17 05:30:38	38.6°C	███
Tue, 2018-04-17 05:30:38	38.1°C	███
Tue, 2018-04-17 05:31:38	38.6°C	███
Tue, 2018-04-17 05:31:38	38.6°C	███
Tue, 2018-04-17 05:32:38	37.6°C	███
Tue, 2018-04-17 05:32:38	38.1°C	███
Tue, 2018-04-17 05:33:38	38.6°C	███
Tue, 2018-04-17 05:33:38	38.6°C	███
Tue, 2018-04-17 05:34:38	38.1°C	███
Tue, 2018-04-17 05:34:38	38.1°C	███
Tue, 2018-04-17 05:35:38	37.6°C	███
Tue, 2018-04-17 05:35:38	38.1°C	███
Tue, 2018-04-17 05:36:38	38.6°C	███
Tue, 2018-04-17 05:36:38	38.6°C	███
Tue, 2018-04-17 05:37:38	37.6°C	███
Tue, 2018-04-17 05:37:38	38.1°C	███
Tue, 2018-04-17 05:38:38	38.1°C	███
Tue, 2018-04-17 05:38:39	38.1°C	███
Tue, 2018-04-17 05:39:38	38.1°C	███
Tue, 2018-04-17 05:39:39	38.1°C	███
Tue, 2018-04-17 05:40:38	38.1°C	███
Tue, 2018-04-17 05:40:39	38.6°C	███
Tue, 2018-04-17 05:41:38	39.2°C	███
Tue, 2018-04-17 05:41:39	38.6°C	███
Tue, 2018-04-17 05:42:38	37.6°C	███
Tue, 2018-04-17 05:42:39	38.1°C	███
Tue, 2018-04-17 05:43:38	38.6°C	███
Tue, 2018-04-17 05:43:39	38.1°C	███
Tue, 2018-04-17 05:44:38	37.6°C	███
Tue, 2018-04-17 05:44:39	38.1°C	███
Tue, 2018-04-17 05:45:39	38.1°C	███
Tue, 2018-04-17 05:45:39	38.6°C	███
Tue, 2018-04-17 05:46:39	38.1°C	███
Tue, 2018-04-17 05:46:39	37.6°C	███
Tue, 2018-04-17 05:47:39	37.0°C	███
Tue, 2018-04-17 05:47:39	37.6°C	███
Tue, 2018-04-17 05:48:39	38.6°C	███
Tue, 2018-04-17 05:48:39	38.6°C	███
Tue, 2018-04-17 05:49:39	38.6°C	███
Tue, 2018-04-17 05:49:39	38.1°C	███
Tue, 2018-04-17 05:50:39	38.6°C	███
Tue, 2018-04-17 05:50:39	37.6°C	███
Tue, 2018-04-17 05:51:39	37.6°C	███
Tue, 2018-04-17 05:51:39	37.6°C	███
Tue, 2018-04-17 05:52:39	38.6°C	███
Tue, 2018-04-17 05:52:39	37.6°C	███
Tue, 2018-04-17 05:53:39	38.6°C	███
Tue, 2018-04-17 05:53:39	38.6°C	███
Tue, 2018-04-17 05:54:39	37.6°C	███
Tue, 2018-04-17 05:54:39	38.1°C	███
Tue, 2018-04-17 05:55:39	38.1°C	███
Tue, 2018-04-17 05:55:39	38.6°C	███
Tue, 2018-04-17 05:56:39	38.1°C	███
Tue, 2018-04-17 05:56:39	38.1°C	███
Tue, 2018-04-17 05:57:39	38.1°C	███
Tue, 2018-04-17 05:57:40	38.6°C	███
Tue, 2018-04-17 05:58:39	38.6°C	███
Tue, 2018-04-17 05:58:40	39.2°C	███
Tue, 2018-04-17 05:59:39	37.6°C	███
Tue, 2018-04-17 05:59:40	37.6°C	███
Tue, 2018-04-17 06:00:39	38.6°C	███
Tue, 2018-04-17 06:00:40	38.6°C	███
Tue, 2018-04-17 06:01:40	38.1°C	███
Tue, 2018-04-17 06:01:40	38.1°C	███
Tue, 2018-04-17 06:02:40	38.6°C	███
Tue, 2018-04-17 06:02:40	38.6°C	███
Tue, 2018-04-17 06:03:40	39.2°C	███
Tue, 2018-04-17 06:03:40	39.2°C	███
Tue, 2018-04-17 06:04:40	38.1°C	███
Tue, 2018-04-17 06:04:40	38.1°C	███
Tue, 2018-04-17 06:05:40	38.6°C	███
Tue, 2018-04-17 06:05:40	37.6°C	███
Tue, 2018-04-17 06:06:40	38.1°C	███
Tue, 2018-04-17 06:06:40	38.1°C	███
Tue, 2018-04-17 06:07:40	38.6°C	███
Tue, 2018-04-17 06:07:40	38.6°C	███
Tue, 2018-04-17 06:08:40	38.1°C	███
Tue, 2018-04-17 06:08:40	38.6°C	███
Tue, 2018-04-17 05:17:22	34.3°C	███
Tue, 2018-04-17 05:18:23	32.7°C	███
Tue, 2018-04-17 05:19:23	34.3°C	███
Tue, 2018-04-17 05:20:23	33.8°C	███
Tue, 2018-04-17 05:21:23	34.9°C	███
Tue, 2018-04-17 05:22:23	34.9°C	███
Tue, 2018-04-17 05:23:23	34.3°C	███
Tue, 2018-04-17 05:24:23	35.4°C	███
Tue, 2018-04-17 05:25:23	35.4°C	███
Tue, 2018-04-17 05:26:23	35.4°C	███
Tue, 2018-04-17 05:27:23	35.4°C	███
Tue, 2018-04-17 05:28:23	35.4°C	███
Tue, 2018-04-17 05:29:23	36.5°C	███
Tue, 2018-04-17 05:30:23	35.9°C	███
Tue, 2018-04-17 05:31:23	35.4°C	███
Tue, 2018-04-17 05:32:23	35.9°C	███
Tue, 2018-04-17 05:33:23	35.9°C	███
Tue, 2018-04-17 05:34:23	36.5°C	███
Tue, 2018-04-17 05:35:23	35.9°C	███
Tue, 2018-04-17 05:36:24	35.9°C	███
Tue, 2018-04-17 05:37:24	36.5°C	███
Tue, 2018-04-17 05:38:24	36.5°C	███
Tue, 2018-04-17 05:39:24	38.1°C	███
Tue, 2018-04-17 05:40:24	36.5°C	███
Tue, 2018-04-17 05:41:24	37.0°C	███
Tue, 2018-04-17 05:42:24	36.5°C	███
Tue, 2018-04-17 05:43:24	36.5°C	███
Tue, 2018-04-17 05:44:24	37.0°C	███
Tue, 2018-04-17 05:45:24	36.5°C	███
Tue, 2018-04-17 05:46:24	36.5°C	███
Tue, 2018-04-17 05:47:24	37.0°C	███
Tue, 2018-04-17 05:48:24	36.5°C	███
Tue, 2018-04-17 05:49:24	37.6°C	███
Tue, 2018-04-17 05:50:24	37.0°C	███
Tue, 2018-04-17 05:51:24	36.5°C	███
Tue, 2018-04-17 05:52:24	36.5°C	███
Tue, 2018-04-17 05:53:25	36.5°C	███
Tue, 2018-04-17 05:54:25	36.5°C	███
Tue, 2018-04-17 05:55:25	37.0°C	███
Tue, 2018-04-17 05:56:25	37.6°C	███
Tue, 2018-04-17 05:57:25	36.5°C	███
Tue, 2018-04-17 05:58:25	37.0°C	███
Tue, 2018-04-17 05:59:25	36.5°C	███
Tue, 2018-04-17 06:00:25	37.6°C	███
Tue, 2018-04-17 06:01:25	37.6°C	███
Tue, 2018-04-17 06:02:25	36.5°C	███
Tue, 2018-04-17 06:03:25	36.5°C	███
Tue, 2018-04-17 06:04:25	37.0°C	███
Tue, 2018-04-17 06:05:25	37.0°C	███
Tue, 2018-04-17 06:06:25	37.6°C	███
Tue, 2018-04-17 06:07:25	37.6°C	███
Tue, 2018-04-17 06:08:25	37.6°C	███
Tue, 2018-04-17 06:09:26	37.6°C	███
Tue, 2018-04-17 06:10:26	37.6°C	███
Tue, 2018-04-17 06:11:26	38.1°C	███
Tue, 2018-04-17 06:12:26	37.0°C	███
Tue, 2018-04-17 06:13:26	37.0°C	███
Tue, 2018-04-17 06:14:26	37.6°C	███
Tue, 2018-04-17 06:15:26	38.1°C	███
Tue, 2018-04-17 06:16:26	37.6°C	███
Tue, 2018-04-17 06:17:26	37.6°C	███
Tue, 2018-04-17 06:18:26	37.6°C	███
Tue, 2018-04-17 06:19:26	37.6°C	███
Tue, 2018-04-17 06:20:26	37.6°C	███
Tue, 2018-04-17 06:21:26	37.6°C	███
Tue, 2018-04-17 06:22:26	38.1°C	███
Tue, 2018-04-17 06:23:26	37.6°C	███
Tue, 2018-04-17 06:24:26	37.0°C	███
Tue, 2018-04-17 06:25:26	38.6°C	███
Tue, 2018-04-17 06:26:26	37.6°C	███
Tue, 2018-04-17 06:27:26	38.1°C	███
Tue, 2018-04-17 06:28:26	37.6°C	███
Tue, 2018-04-17 06:29:27	37.6°C	███
Tue, 2018-04-17 06:30:27	37.6°C	███
Tue, 2018-04-17 06:31:27	37.6°C	███
Tue, 2018-04-17 06:32:27	37.6°C	███
Tue, 2018-04-17 06:33:27	37.6°C	███
Tue, 2018-04-17 06:34:27	37.6°C	███
Tue, 2018-04-17 06:35:27	37.6°C	███
Tue, 2018-04-17 06:36:27	37.6°C	███
Tue, 2018-04-17 06:37:27	38.1°C	███
Tue, 2018-04-17 06:38:27	39.2°C	███
Tue, 2018-04-17 06:39:27	37.6°C	███
Tue, 2018-04-17 06:40:27	38.6°C	███
Tue, 2018-04-17 06:41:27	37.6°C	███
Tue, 2018-04-17 06:42:27	38.1°C	███
Tue, 2018-04-17 06:43:27	38.6°C	███
Tue, 2018-04-17 06:44:27	38.1°C	███
Tue, 2018-04-17 06:45:27	38.6°C	███
Tue, 2018-04-17 06:46:27	37.6°C	███
Tue, 2018-04-17 06:47:28	37.6°C	███
Tue, 2018-04-17 06:48:28	37.6°C	███
Tue, 2018-04-17 06:49:28	37.6°C	███
Tue, 2018-04-17 06:50:28	38.6°C	███
Tue, 2018-04-17 06:51:28	37.6°C	███
Tue, 2018-04-17 06:52:28	37.6°C	███
Tue, 2018-04-17 06:53:28	37.6°C	███
Tue, 2018-04-17 06:54:28	38.6°C	███
Tue, 2018-04-17 06:55:28	39.7°C	███
Tue, 2018-04-17 06:56:28	38.1°C	███
Tue, 2018-04-17 06:57:28	37.6°C	███
Tue, 2018-04-17 06:58:28	37.6°C	███
Tue, 2018-04-17 06:59:28	37.6°C	███
Tue, 2018-04-17 07:00:28	38.6°C	███
Tue, 2018-04-17 07:01:28	37.6°C	███
Tue, 2018-04-17 07:02:28	38.1°C	███
Tue, 2018-04-17 07:03:28	38.1°C	███
Tue, 2018-04-17 07:04:28	37.6°C	███
Tue, 2018-04-17 07:05:29	37.6°C	███
Tue, 2018-04-17 07:06:29	37.6°C	███
Tue, 2018-04-17 07:07:29	38.6°C	███
Tue, 2018-04-17 07:08:29	37.6°C	███
Tue, 2018-04-17 07:09:29	38.1°C	███
Tue, 2018-04-17 07:10:29	37.6°C	███
Tue, 2018-04-17 07:11:29	37.6°C	███
Tue, 2018-04-17 07:12:29	39.7°C	███
Tue, 2018-04-17 07:13:29	37.6°C	███
Tue, 2018-04-17 07:14:29	38.1°C	███
Tue, 2018-04-17 07:15:29	38.6°C	███
Tue, 2018-04-17 07:16:29	37.6°C	███
Tue, 2018-04-17 07:17:29	39.2°C	███
Tue, 2018-04-17 07:18:29	37.6°C	███
Tue, 2018-04-17 07:19:29	37.6°C	███
Tue, 2018-04-17 07:20:30	38.1°C	███
Tue, 2018-04-17 07:21:30	37.6°C	███
Tue, 2018-04-17 07:22:30	38.6°C	███
Tue, 2018-04-17 07:23:30	38.6°C	███
Tue, 2018-04-17 07:24:30	38.6°C	███
Tue, 2018-04-17 07:25:30	38.6°C	███
Tue, 2018-04-17 07:26:30	38.1°C	███
Tue, 2018-04-17 07:27:30	37.6°C	███
Tue, 2018-04-17 07:28:30	37.6°C	███
Tue, 2018-04-17 07:29:30	39.7°C	███
Tue, 2018-04-17 07:30:30	38.1°C	███
Tue, 2018-04-17 07:31:30	38.6°C	███
Tue, 2018-04-17 07:32:30	37.6°C	███
Tue, 2018-04-17 07:33:30	38.1°C	███
Tue, 2018-04-17 07:34:30	38.6°C	███
Tue, 2018-04-17 07:35:31	38.1°C	███
Tue, 2018-04-17 07:36:31	38.1°C	███
Tue, 2018-04-17 07:37:31	37.6°C	███
Tue, 2018-04-17 07:38:31	37.6°C	███
Tue, 2018-04-17 07:39:31	37.6°C	███
Tue, 2018-04-17 07:40:31	37.6°C	███
Tue, 2018-04-17 07:41:31	38.6°C	███
Tue, 2018-04-17 07:42:31	37.6°C	███
Tue, 2018-04-17 07:43:31	38.1°C	███
Tue, 2018-04-17 07:44:31	37.6°C	███
Tue, 2018-04-17 07:45:31	38.1°C	███
Tue, 2018-04-17 07:46:31	38.6°C	███
Tue, 2018-04-17 07:47:31	37.6°C	███
Tue, 2018-04-17 07:48:31	38.6°C	███
Tue, 2018-04-17 07:49:32	37.0°C	███
Tue, 2018-04-17 07:50:32	38.1°C	███
Tue, 2018-04-17 07:51:32	38.6°C	███
Tue, 2018-04-17 07:52:32	37.6°C	███
Tue, 2018-04-17 07:53:32	38.1°C	███
Tue, 2018-04-17 07:54:32	37.6°C	███
Tue, 2018-04-17 07:55:32	38.1°C	███
Tue, 2018-04-17 07:56:32	39.7°C	███
Tue, 2018-04-17 07:57:32	37.6°C	███
Tue, 2018-04-17 07:58:32	37.6°C	███
Tue, 2018-04-17 07:59:32	38.1°C	███
Tue, 2018-04-17 08:00:32	38.1°C	███
Tue, 2018-04-17 08:01:32	37.6°C	███
Tue, 2018-04-17 08:02:32	37.6°C	███
Tue, 2018-04-17 08:03:32	38.6°C	███
Tue, 2018-04-17 08:04:33	38.1°C	███
Tue, 2018-04-17 08:05:33	37.6°C	███
Tue, 2018-04-17 08:06:33	38.1°C	███
Tue, 2018-04-17 08:07:33	37.6°C	███
Tue, 2018-04-17 08:08:33	38.1°C	███
Tue, 2018-04-17 08:09:33	38.1°C	███
Tue, 2018-04-17 08:10:33	38.6°C	███
Tue, 2018-04-17 08:11:33	37.6°C	███
Tue, 2018-04-17 08:12:33	37.6°C	███
Tue, 2018-04-17 08:13:33	38.1°C	███
Tue, 2018-04-17 08:14:33	37.6°C	███
Tue, 2018-04-17 08:15:33	37.6°C	███
Tue, 2018-04-17 08:16:33	38.1°C	███
Tue, 2018-04-17 08:17:33	37.6°C	███
Tue, 2018-04-17 08:18:33	38.1°C	███
Tue, 2018-04-17 08:19:34	38.1°C	███
Tue, 2018-04-17 08:20:34	38.1°C	███
Tue, 2018-04-17 08:21:34	37.6°C	███
Tue, 2018-04-17 08:22:34	37.6°C	███
Tue, 2018-04-17 08:23:34	39.2°C	███
Tue, 2018-04-17 08:24:34	37.6°C	███
Tue, 2018-04-17 08:25:34	38.1°C	███
Tue, 2018-04-17 08:26:34	37.6°C	███
Tue, 2018-04-17 08:27:34	38.1°C	███
Tue, 2018-04-17 08:28:34	38.6°C	███
Tue, 2018-04-17 08:29:34	38.1°C	███
Tue, 2018-04-17 08:30:34	37.6°C	███
Tue, 2018-04-17 08:31:34	37.6°C	███
Tue, 2018-04-17 08:32:34	37.6°C	███
Tue, 2018-04-17 08:33:34	38.6°C	███
Tue, 2018-04-17 08:34:34	37.6°C	███
Tue, 2018-04-17 08:35:34	37.6°C	███
Tue, 2018-04-17 08:36:34	37.6°C	███
Tue, 2018-04-17 08:37:34	38.1°C	███
Tue, 2018-04-17 08:38:34	38.1°C	███
Tue, 2018-04-17 08:39:34	37.6°C	███
Tue, 2018-04-17 08:40:34	38.6°C	███
Tue, 2018-04-17 08:41:35	38.6°C	███
Tue, 2018-04-17 08:42:35	37.6°C	███
Tue, 2018-04-17 08:43:35	37.6°C	███
Tue, 2018-04-17 08:44:35	38.1°C	███
Tue, 2018-04-17 08:45:35	38.6°C	███
Tue, 2018-04-17 08:46:35	37.6°C	███
Tue, 2018-04-17 08:47:35	37.6°C	███
Tue, 2018-04-17 08:48:35	37.6°C	███
Tue, 2018-04-17 08:49:35	37.6°C	███
Tue, 2018-04-17 08:50:35	38.6°C	███
Tue, 2018-04-17 08:51:35	37.6°C	███
Tue, 2018-04-17 08:52:35	37.6°C	███
Tue, 2018-04-17 08:53:35	37.6°C	███
Tue, 2018-04-17 08:54:35	38.1°C	███
Tue, 2018-04-17 08:55:35	38.6°C	███
Tue, 2018-04-17 08:56:36	37.6°C	███
Tue, 2018-04-17 08:57:36	37.6°C	███
Tue, 2018-04-17 08:58:36	37.6°C	███
Tue, 2018-04-17 08:59:36	37.6°C	███
Tue, 2018-04-17 09:00:36	39.2°C	███
Tue, 2018-04-17 09:01:36	37.6°C	███
Tue, 2018-04-17 09:02:36	38.1°C	███
Tue, 2018-04-17 09:03:36	37.6°C	███
Tue, 2018-04-17 09:04:36	38.6°C	███
Tue, 2018-04-17 09:05:36	38.6°C	███
Tue, 2018-04-17 09:06:36	38.1°C	███
Tue, 2018-04-17 09:07:36	37.6°C	███
Tue, 2018-04-17 09:08:36	38.1°C	███
Tue, 2018-04-17 09:09:36	38.1°C	███
Tue, 2018-04-17 09:10:36	38.6°C	███
Tue, 2018-04-17 09:11:36	37.6°C	███
Tue, 2018-04-17 09:12:36	37.6°C	███
Tue, 2018-04-17 09:13:37	37.6°C	███
Tue, 2018-04-17 09:14:37	37.6°C	███
Tue, 2018-04-17 09:15:37	37.6°C	███
Tue, 2018-04-17 09:16:37	37.6°C	███
Tue, 2018-04-17 09:17:37	38.1°C	███
Tue, 2018-04-17 09:18:37	37.6°C	███
Tue, 2018-04-17 09:19:37	38.1°C	███
Tue, 2018-04-17 09:20:37	37.6°C	███
Tue, 2018-04-17 09:21:37	38.1°C	███
Tue, 2018-04-17 09:22:37	37.6°C	███
Tue, 2018-04-17 09:23:37	37.0°C	███
Tue, 2018-04-17 09:24:37	37.6°C	███
Tue, 2018-04-17 09:25:37	37.6°C	███
Tue, 2018-04-17 09:26:37	37.6°C	███
Tue, 2018-04-17 09:27:37	38.6°C	███
Tue, 2018-04-17 09:28:37	37.6°C	███
Tue, 2018-04-17 09:29:37	37.6°C	███
Tue, 2018-04-17 09:30:37	37.6°C	███
Tue, 2018-04-17 09:31:37	37.6°C	███
Tue, 2018-04-17 09:32:37	39.7°C	███
Tue, 2018-04-17 09:33:38	38.1°C	███
Tue, 2018-04-17 09:34:38	38.1°C	███
Tue, 2018-04-17 09:35:38	37.6°C	███
Tue, 2018-04-17 09:36:38	38.1°C	███
Tue, 2018-04-17 09:37:38	38.1°C	███
Tue, 2018-04-17 09:38:38	37.6°C	███
Tue, 2018-04-17 09:39:38	37.6°C	███
Tue, 2018-04-17 09:40:38	38.1°C	███
Tue, 2018-04-17 09:41:38	37.6°C	███
Tue, 2018-04-17 09:42:38	38.6°C	███
Tue, 2018-04-17 09:43:38	37.6°C	███
Tue, 2018-04-17 09:44:38	37.6°C	███
Tue, 2018-04-17 09:45:38	37.6°C	███
Tue, 2018-04-17 09:46:38	37.6°C	███
Tue, 2018-04-17 09:47:38	38.1°C	███
Tue, 2018-04-17 09:48:38	37.6°C	███
Tue, 2018-04-17 09:49:38	38.6°C	███
Tue, 2018-04-17 09:50:39	37.6°C	███
Tue, 2018-04-17 09:51:39	38.1°C	███
Tue, 2018-04-17 09:52:39	37.6°C	███
Tue, 2018-04-17 09:53:39	37.6°C	███
Tue, 2018-04-17 09:54:39	38.6°C	███
Tue, 2018-04-17 09:55:39	37.6°C	███
Tue, 2018-04-17 09:56:39	37.6°C	███
Tue, 2018-04-17 09:57:39	37.6°C	███
Tue, 2018-04-17 09:58:39	37.6°C	███
Tue, 2018-04-17 09:59:39	38.6°C	███
Tue, 2018-04-17 10:00:39	37.6°C	███
Tue, 2018-04-17 10:01:39	38.1°C	███
Tue, 2018-04-17 10:02:39	37.6°C	███
Tue, 2018-04-17 10:03:39	38.1°C	███
Tue, 2018-04-17 10:04:39	39.2°C	███
Tue, 2018-04-17 10:05:39	38.1°C	███
Tue, 2018-04-17 10:06:40	37.6°C	███
Tue, 2018-04-17 10:07:40	37.6°C	███
Tue, 2018-04-17 10:08:40	37.6°C	███
Tue, 2018-04-17 10:09:40	38.1°C	███
Tue, 2018-04-17 10:10:40	37.6°C	███
Tue, 2018-04-17 10:11:40	38.1°C	███
Tue, 2018-04-17 10:12:40	37.6°C	███
Tue, 2018-04-17 10:13:40	37.6°C	███
Tue, 2018-04-17 10:14:40	39.2°C	███
Tue, 2018-04-17 10:15:40	38.1°C	███
Tue, 2018-04-17 10:16:40	38.1°C	███
Tue, 2018-04-17 10:17:40	38.1°C	███
Tue, 2018-04-17 10:18:40	37.6°C	███
Tue, 2018-04-17 10:19:40	38.6°C	███
Tue, 2018-04-17 10:20:41	38.1°C	███
Tue, 2018-04-17 10:21:41	38.6°C	███
Tue, 2018-04-17 10:22:41	37.6°C	███
Tue, 2018-04-17 10:23:41	37.6°C	███
Tue, 2018-04-17 10:24:41	37.6°C	███
Tue, 2018-04-17 10:25:41	38.1°C	███
Tue, 2018-04-17 10:26:41	38.6°C	███
Tue, 2018-04-17 10:27:41	38.6°C	███
Tue, 2018-04-17 10:28:41	37.6°C	███
Tue, 2018-04-17 10:29:41	37.6°C	███
Tue, 2018-04-17 10:30:41	38.6°C	███
Tue, 2018-04-17 10:31:41	38.1°C	███
Tue, 2018-04-17 10:32:41	37.6°C	███
Tue, 2018-04-17 10:33:41	37.6°C	███
Tue, 2018-04-17 10:34:41	37.6°C	███
Tue, 2018-04-17 10:35:41	38.6°C	███
Tue, 2018-04-17 10:36:41	38.6°C	███
Tue, 2018-04-17 10:37:42	38.1°C	███
Tue, 2018-04-17 10:38:42	38.1°C	███
Tue, 2018-04-17 10:39:42	37.6°C	███
Tue, 2018-04-17 10:40:42	38.1°C	███
Tue, 2018-04-17 10:41:42	39.7°C	███
Tue, 2018-04-17 10:42:42	37.6°C	███
Tue, 2018-04-17 10:43:42	38.1°C	███
Tue, 2018-04-17 10:44:42	38.1°C	███
Tue, 2018-04-17 10:45:42	38.1°C	███
Tue, 2018-04-17 10:46:42	38.6°C	███
Tue, 2018-04-17 10:47:42	37.6°C	███
Tue, 2018-04-17 10:48:42	38.1°C	███
Tue, 2018-04-17 10:49:42	37.6°C	███
Tue, 2018-04-17 10:50:42	37.6°C	███
Tue, 2018-04-17 10:51:42	38.6°C	███
Tue, 2018-04-17 10:52:42	38.1°C	███
Tue, 2018-04-17 10:53:42	38.1°C	███
Tue, 2018-04-17 10:54:42	37.6°C	███
Tue, 2018-04-17 10:55:42	38.1°C	███
Tue, 2018-04-17 10:56:43	38.1°C	███
Tue, 2018-04-17 10:57:43	38.6°C	███
Tue, 2018-04-17 10:58:43	38.6°C	███
Tue, 2018-04-17 10:59:43	38.6°C	███
Tue, 2018-04-17 11:03:42	34.3°C	███
Tue, 2018-04-17 11:03:42	34.9°C	███
Tue, 2018-04-17 11:04:42	34.3°C	███
Tue, 2018-04-17 11:04:42	34.9°C	███
Tue, 2018-04-17 11:05:42	34.9°C	███
Tue, 2018-04-17 11:05:42	34.9°C	███
Tue, 2018-04-17 11:06:42	35.4°C	███
Tue, 2018-04-17 11:06:42	35.4°C	███
Tue, 2018-04-17 11:07:42	35.4°C	███
Tue, 2018-04-17 11:07:42	35.4°C	███
Tue, 2018-04-17 11:08:42	37.0°C	███
Tue, 2018-04-17 11:08:42	37.6°C	███
Tue, 2018-04-17 11:09:42	35.9°C	███
Tue, 2018-04-17 11:09:42	36.5°C	███
Tue, 2018-04-17 11:10:42	35.9°C	███
Tue, 2018-04-17 11:10:42	36.5°C	███
Tue, 2018-04-17 11:11:42	35.4°C	███
Tue, 2018-04-17 11:11:43	36.5°C	███
Tue, 2018-04-17 11:12:42	35.9°C	███
Tue, 2018-04-17 11:12:43	36.5°C	███
Tue, 2018-04-17 11:13:42	36.5°C	███
Tue, 2018-04-17 11:13:43	35.9°C	███
Tue, 2018-04-17 11:14:43	36.5°C	███
Tue, 2018-04-17 11:14:43	36.5°C	███
Tue, 2018-04-17 11:15:43	36.5°C	███
Tue, 2018-04-17 11:15:43	36.5°C	███
Tue, 2018-04-17 11:16:43	35.9°C	███
Tue, 2018-04-17 11:16:43	36.5°C	███
Tue, 2018-04-17 11:17:43	36.5°C	███
Tue, 2018-04-17 11:17:43	36.5°C	███
Tue, 2018-04-17 11:18:43	36.5°C	███
Tue, 2018-04-17 11:18:43	36.5°C	███
Tue, 2018-04-17 11:19:43	36.5°C	███
Tue, 2018-04-17 11:19:43	35.9°C	███
Tue, 2018-04-17 11:20:43	36.5°C	███
Tue, 2018-04-17 11:20:43	36.5°C	███
Tue, 2018-04-17 11:21:43	36.5°C	███
Tue, 2018-04-17 11:21:43	36.5°C	███
Tue, 2018-04-17 11:22:43	36.5°C	███
Tue, 2018-04-17 11:22:43	36.5°C	███
Tue, 2018-04-17 11:23:43	36.5°C	███
Tue, 2018-04-17 11:23:43	36.5°C	███
Tue, 2018-04-17 11:24:43	36.5°C	███
Tue, 2018-04-17 11:24:43	36.5°C	███
Tue, 2018-04-17 11:25:43	37.0°C	███
Tue, 2018-04-17 11:25:43	36.5°C	███
Tue, 2018-04-17 11:26:43	36.5°C	███
Tue, 2018-04-17 11:26:43	36.5°C	███
Tue, 2018-04-17 11:27:43	36.5°C	███
Tue, 2018-04-17 11:27:43	36.5°C	███
Tue, 2018-04-17 11:28:43	37.0°C	███
Tue, 2018-04-17 11:28:43	36.5°C	███
Tue, 2018-04-17 11:29:43	37.0°C	███
Tue, 2018-04-17 11:29:44	36.5°C	███
Tue, 2018-04-17 11:30:43	37.6°C	███
Tue, 2018-04-17 11:30:44	37.6°C	███
Tue, 2018-04-17 11:31:44	36.5°C	███
Tue, 2018-04-17 11:31:44	36.5°C	███
Tue, 2018-04-17 11:32:44	37.0°C	███
Tue, 2018-04-17 11:32:44	36.5°C	███
Tue, 2018-04-17 11:34:06	33.2°C	███
Tue, 2018-04-17 11:35:06	33.2°C	███
Tue, 2018-04-17 11:36:06	34.3°C	███
Tue, 2018-04-17 11:37:06	34.3°C	███
Tue, 2018-04-17 11:38:06	34.9°C	███
Tue, 2018-04-17 11:39:06	35.4°C	███
Tue, 2018-04-17 11:40:06	35.4°C	███
Tue, 2018-04-17 11:41:06	35.9°C	███
Tue, 2018-04-17 11:42:06	35.4°C	███
Tue, 2018-04-17 11:43:06	36.5°C	███
Tue, 2018-04-17 11:44:06	36.5°C	███
Tue, 2018-04-17 11:45:06	35.9°C	███
Tue, 2018-04-17 11:46:06	36.5°C	███
Tue, 2018-04-17 11:47:06	36.5°C	███
Tue, 2018-04-17 11:48:06	36.5°C	███
Tue, 2018-04-17 11:49:06	36.5°C	███
Tue, 2018-04-17 11:50:07	35.9°C	███
Tue, 2018-04-17 11:51:07	36.5°C	███
Tue, 2018-04-17 11:52:07	35.9°C	███
Tue, 2018-04-17 11:53:07	36.5°C	███
Tue, 2018-04-17 11:54:07	36.5°C	███
Tue, 2018-04-17 11:55:07	36.5°C	███
Tue, 2018-04-17 11:56:07	38.1°C	███
Tue, 2018-04-17 11:57:07	36.5°C	███
Tue, 2018-04-17 11:58:07	36.5°C	███
Tue, 2018-04-17 11:59:07	36.5°C	███
Tue, 2018-04-17 12:00:07	36.5°C	███
Tue, 2018-04-17 12:01:07	36.5°C	███
Tue, 2018-04-17 12:02:07	37.0°C	███
Tue, 2018-04-17 12:03:07	36.5°C	███
Tue, 2018-04-17 12:04:07	36.5°C	███
Tue, 2018-04-17 12:05:07	37.0°C	███
Tue, 2018-04-17 12:06:07	37.0°C	███
Tue, 2018-04-17 12:07:07	36.5°C	███
Tue, 2018-04-17 12:08:07	37.0°C	███
Tue, 2018-04-17 12:09:08	37.0°C	███
Tue, 2018-04-17 12:10:08	36.5°C	███
Tue, 2018-04-17 12:11:08	36.5°C	███
Tue, 2018-04-17 12:12:08	37.0°C	███
Tue, 2018-04-17 12:13:08	37.0°C	███
Tue, 2018-04-17 12:14:08	37.6°C	███
Tue, 2018-04-17 12:15:08	37.6°C	███
Tue, 2018-04-17 12:16:08	36.5°C	███
Tue, 2018-04-17 12:17:08	37.6°C	███
Tue, 2018-04-17 12:18:08	37.0°C	███
Tue, 2018-04-17 12:19:08	37.6°C	███
Tue, 2018-04-17 12:20:08	37.6°C	███
Tue, 2018-04-17 12:21:08	37.6°C	███
Tue, 2018-04-17 12:22:08	37.0°C	███
Tue, 2018-04-17 12:23:08	37.6°C	███
Tue, 2018-04-17 12:24:08	37.6°C	███
Tue, 2018-04-17 12:25:08	37.6°C	███
Tue, 2018-04-17 12:26:09	37.6°C	███
Tue, 2018-04-17 12:27:09	37.0°C	███
Tue, 2018-04-17 12:28:09	38.6°C	███
Tue, 2018-04-17 12:29:09	37.6°C	███
Tue, 2018-04-17 12:30:09	37.6°C	███
Tue, 2018-04-17 12:31:09	37.0°C	███
Tue, 2018-04-17 12:32:09	37.6°C	███
Tue, 2018-04-17 12:33:09	39.2°C	███
Tue, 2018-04-17 12:34:09	37.6°C	███
Tue, 2018-04-17 12:35:09	37.6°C	███
Tue, 2018-04-17 12:36:09	37.6°C	███
Tue, 2018-04-17 12:37:09	37.0°C	███
Tue, 2018-04-17 12:38:09	38.6°C	███
Tue, 2018-04-17 12:39:09	37.0°C	███
Tue, 2018-04-17 12:40:09	37.6°C	███
Tue, 2018-04-17 12:41:09	38.1°C	███
Tue, 2018-04-17 12:42:09	38.1°C	███
Tue, 2018-04-17 12:43:09	37.6°C	███
Tue, 2018-04-17 12:44:09	38.1°C	███
Tue, 2018-04-17 12:45:10	37.6°C	███
Tue, 2018-04-17 12:46:10	37.6°C	███
Tue, 2018-04-17 12:47:10	37.6°C	███
Tue, 2018-04-17 12:48:10	37.6°C	███
Tue, 2018-04-17 12:49:10	37.6°C	███
Tue, 2018-04-17 12:50:10	38.1°C	███
Tue, 2018-04-17 12:51:10	37.6°C	███
Tue, 2018-04-17 12:52:10	37.6°C	███
Tue, 2018-04-17 12:53:10	38.1°C	███
Tue, 2018-04-17 12:54:10	37.6°C	███
Tue, 2018-04-17 12:55:10	38.6°C	███
Tue, 2018-04-17 12:56:10	37.0°C	███
Tue, 2018-04-17 12:57:10	37.6°C	███
Tue, 2018-04-17 12:58:10	37.6°C	███
Tue, 2018-04-17 12:59:10	37.6°C	███
Tue, 2018-04-17 13:00:10	38.1°C	███
Tue, 2018-04-17 13:01:10	37.6°C	███
Tue, 2018-04-17 13:02:10	37.6°C	███
Tue, 2018-04-17 13:03:11	37.6°C	███
Tue, 2018-04-17 13:04:11	38.1°C	███
Tue, 2018-04-17 13:05:11	38.1°C	███
Tue, 2018-04-17 13:06:11	37.6°C	███
Tue, 2018-04-17 13:07:11	37.0°C	███
Tue, 2018-04-17 13:08:11	37.6°C	███
Tue, 2018-04-17 13:09:11	37.6°C	███
Tue, 2018-04-17 13:10:11	37.6°C	███
Tue, 2018-04-17 13:11:11	37.6°C	███
Tue, 2018-04-17 13:12:11	38.1°C	███
Tue, 2018-04-17 13:13:11	37.6°C	███
Tue, 2018-04-17 13:14:11	37.6°C	███
Tue, 2018-04-17 13:15:11	37.6°C	███
Tue, 2018-04-17 13:16:11	37.6°C	███
Tue, 2018-04-17 13:17:11	37.6°C	███
Tue, 2018-04-17 13:18:11	37.6°C	███
Tue, 2018-04-17 13:19:11	37.6°C	███
Tue, 2018-04-17 13:20:12	37.6°C	███
Tue, 2018-04-17 13:21:12	38.1°C	███
Tue, 2018-04-17 13:22:12	37.6°C	███
Tue, 2018-04-17 13:23:12	38.1°C	███
Tue, 2018-04-17 13:24:12	37.6°C	███
Tue, 2018-04-17 13:25:12	38.1°C	███
Tue, 2018-04-17 13:26:12	37.6°C	███
Tue, 2018-04-17 13:27:12	38.6°C	███
Tue, 2018-04-17 13:28:12	37.6°C	███
Tue, 2018-04-17 13:29:12	37.6°C	███
Tue, 2018-04-17 13:30:12	37.6°C	███
Tue, 2018-04-17 13:31:12	37.6°C	███
Tue, 2018-04-17 13:32:12	37.6°C	███
Tue, 2018-04-17 13:33:12	37.6°C	███
Tue, 2018-04-17 13:34:12	37.6°C	███
Tue, 2018-04-17 13:35:12	37.6°C	███
Tue, 2018-04-17 13:36:12	37.6°C	███
Tue, 2018-04-17 13:37:13	39.2°C	███
Tue, 2018-04-17 13:38:13	37.6°C	███
Tue, 2018-04-17 13:39:13	38.1°C	███
Tue, 2018-04-17 13:40:13	37.6°C	███
Tue, 2018-04-17 13:41:13	37.6°C	███
Tue, 2018-04-17 13:42:13	38.6°C	███
Tue, 2018-04-17 13:43:13	38.1°C	███
Tue, 2018-04-17 13:44:13	38.6°C	███
Tue, 2018-04-17 13:45:13	37.0°C	███
Tue, 2018-04-17 13:46:13	38.1°C	███
Tue, 2018-04-17 13:47:13	38.1°C	███
Tue, 2018-04-17 13:48:13	37.0°C	███
Tue, 2018-04-17 13:49:13	38.1°C	███
Tue, 2018-04-17 13:50:13	37.6°C	███
Tue, 2018-04-17 13:51:13	37.0°C	███
Tue, 2018-04-17 13:52:13	37.6°C	███
Tue, 2018-04-17 13:53:13	37.6°C	███
Tue, 2018-04-17 13:54:14	37.6°C	███
Tue, 2018-04-17 13:55:14	38.1°C	███
Tue, 2018-04-17 13:56:14	37.0°C	███
Tue, 2018-04-17 13:57:14	37.6°C	███
Tue, 2018-04-17 13:58:14	37.6°C	███
Tue, 2018-04-17 13:59:14	38.6°C	███
Tue, 2018-04-17 14:00:14	37.6°C	███
Tue, 2018-04-17 14:01:14	37.6°C	███
Tue, 2018-04-17 14:02:14	37.6°C	███
Tue, 2018-04-17 14:03:14	37.6°C	███
Tue, 2018-04-17 14:04:14	38.6°C	███
Tue, 2018-04-17 14:05:14	37.6°C	███
Tue, 2018-04-17 14:06:14	37.6°C	███
Tue, 2018-04-17 14:07:14	38.1°C	███
Tue, 2018-04-17 14:08:14	37.6°C	███
Tue, 2018-04-17 14:09:14	38.6°C	███
Tue, 2018-04-17 14:10:14	37.6°C	███
Tue, 2018-04-17 14:11:15	37.6°C	███
Tue, 2018-04-17 14:12:15	37.6°C	███
Tue, 2018-04-17 14:13:15	37.6°C	███
Tue, 2018-04-17 14:14:15	38.6°C	███
Tue, 2018-04-17 14:15:15	37.0°C	███
Tue, 2018-04-17 14:16:15	38.1°C	███
Tue, 2018-04-17 14:17:15	37.6°C	███
Tue, 2018-04-17 14:18:15	37.6°C	███
Tue, 2018-04-17 14:19:15	38.1°C	███
Tue, 2018-04-17 14:20:15	37.6°C	███
Tue, 2018-04-17 14:21:15	37.6°C	███
Tue, 2018-04-17 14:22:15	37.6°C	███
Tue, 2018-04-17 14:23:15	37.6°C	███
Tue, 2018-04-17 14:24:15	37.6°C	███
Tue, 2018-04-17 14:25:15	37.6°C	███
Tue, 2018-04-17 14:26:15	38.1°C	███
Tue, 2018-04-17 14:27:16	37.6°C	███
Tue, 2018-04-17 14:28:16	37.6°C	███
Tue, 2018-04-17 14:29:16	37.6°C	███
Tue, 2018-04-17 14:30:16	37.6°C	███
Tue, 2018-04-17 14:31:16	37.6°C	███
Tue, 2018-04-17 14:32:16	38.1°C	███
Tue, 2018-04-17 14:33:16	37.0°C	███
Tue, 2018-04-17 14:34:16	37.0°C	███
Tue, 2018-04-17 14:35:16	37.0°C	███
Tue, 2018-04-17 14:36:16	38.1°C	███
Tue, 2018-04-17 14:37:16	38.1°C	███
Tue, 2018-04-17 14:38:16	37.6°C	███
Tue, 2018-04-17 14:39:16	37.0°C	███
Tue, 2018-04-17 14:40:16	37.6°C	███
Tue, 2018-04-17 14:41:16	37.6°C	███
Tue, 2018-04-17 14:42:16	37.6°C	███
Tue, 2018-04-17 14:43:16	37.6°C	███
Tue, 2018-04-17 14:44:16	37.6°C	███
Tue, 2018-04-17 14:45:16	37.6°C	███
Tue, 2018-04-17 14:46:17	37.6°C	███
Tue, 2018-04-17 14:47:17	37.6°C	███
Tue, 2018-04-17 14:48:17	37.0°C	███
Tue, 2018-04-17 14:17:27	36.5°C	███
Tue, 2018-04-17 14:18:27	33.2°C	███
Tue, 2018-04-17 14:19:27	34.3°C	███
Tue, 2018-04-17 14:20:28	34.3°C	███
Tue, 2018-04-17 14:21:28	34.9°C	███
Tue, 2018-04-17 14:22:28	35.4°C	███
Tue, 2018-04-17 14:23:28	35.4°C	███
Tue, 2018-04-17 14:24:28	35.4°C	███
Tue, 2018-04-17 14:25:28	35.9°C	███
Tue, 2018-04-17 14:26:28	35.4°C	███
Tue, 2018-04-17 14:27:28	35.9°C	███
Tue, 2018-04-17 14:28:28	35.9°C	███
Tue, 2018-04-17 14:29:28	36.5°C	███
Tue, 2018-04-17 14:30:28	35.9°C	███
Tue, 2018-04-17 14:31:28	36.5°C	███
Tue, 2018-04-17 14:32:28	35.9°C	███
Tue, 2018-04-17 14:33:28	35.9°C	███
Tue, 2018-04-17 14:34:28	36.5°C	███
Tue, 2018-04-17 14:35:28	36.5°C	███
Tue, 2018-04-17 14:36:28	36.5°C	███
Tue, 2018-04-17 14:37:28	36.5°C	███
Tue, 2018-04-17 14:38:28	36.5°C	███
Tue, 2018-04-17 14:39:29	37.6°C	███
Tue, 2018-04-17 14:40:29	36.5°C	███
Tue, 2018-04-17 14:41:29	37.0°C	███
Tue, 2018-04-17 14:42:29	37.0°C	███
Tue, 2018-04-17 14:43:29	36.5°C	███
Tue, 2018-04-17 14:44:29	37.6°C	███
Tue, 2018-04-17 14:45:29	36.5°C	███
Tue, 2018-04-17 14:46:29	37.0°C	███
Tue, 2018-04-17 14:47:29	37.0°C	███
Tue, 2018-04-17 14:48:29	37.0°C	███
Tue, 2018-04-17 14:49:29	36.5°C	███
Tue, 2018-04-17 14:50:29	37.0°C	███
Tue, 2018-04-17 14:51:29	37.0°C	███
Tue, 2018-04-17 14:52:29	37.0°C	███
Tue, 2018-04-17 14:53:29	37.0°C	███
Tue, 2018-04-17 14:54:29	37.0°C	███
Tue, 2018-04-17 14:55:29	37.0°C	███
Tue, 2018-04-17 14:56:30	37.6°C	███
Tue, 2018-04-17 14:57:30	37.0°C	███
Tue, 2018-04-17 14:58:30	37.6°C	███
Tue, 2018-04-17 14:59:30	36.5°C	███
Tue, 2018-04-17 15:00:30	36.5°C	███
Tue, 2018-04-17 15:01:30	37.6°C	███
Tue, 2018-04-17 15:02:30	37.0°C	███
Tue, 2018-04-17 15:03:30	37.0°C	███
Tue, 2018-04-17 15:04:30	36.5°C	███
Tue, 2018-04-17 15:05:30	37.6°C	███
Tue, 2018-04-17 15:06:30	37.6°C	███
Tue, 2018-04-17 15:07:30	36.5°C	███
Tue, 2018-04-17 15:08:30	37.0°C	███
Tue, 2018-04-17 15:09:30	37.0°C	███
Tue, 2018-04-17 15:10:30	37.0°C	███
Tue, 2018-04-17 15:11:30	38.6°C	███
Tue, 2018-04-17 15:12:30	37.0°C	███
Tue, 2018-04-17 15:13:30	37.6°C	███
Tue, 2018-04-17 15:14:30	37.0°C	███
Tue, 2018-04-17 15:15:30	37.6°C	███
Tue, 2018-04-17 15:16:31	38.6°C	███
Tue, 2018-04-17 15:17:31	37.6°C	███
Tue, 2018-04-17 15:18:31	37.6°C	███
Tue, 2018-04-17 15:19:31	37.6°C	███
Tue, 2018-04-17 15:20:31	37.6°C	███
Tue, 2018-04-17 15:21:31	37.6°C	███
Tue, 2018-04-17 15:22:31	37.6°C	███
Tue, 2018-04-17 15:23:31	37.6°C	███
Tue, 2018-04-17 15:24:31	36.5°C	███
Tue, 2018-04-17 15:25:31	37.0°C	███
Tue, 2018-04-17 15:26:31	37.0°C	███
Tue, 2018-04-17 15:27:31	37.6°C	███
Tue, 2018-04-17 15:28:31	37.6°C	███
Tue, 2018-04-17 15:29:31	37.6°C	███
Tue, 2018-04-17 15:30:31	37.6°C	███
Tue, 2018-04-17 15:31:31	37.6°C	███
Tue, 2018-04-17 15:32:31	37.6°C	███
Tue, 2018-04-17 15:33:31	37.6°C	███
Tue, 2018-04-17 15:34:31	37.6°C	███
Tue, 2018-04-17 15:35:32	38.1°C	███
Tue, 2018-04-17 15:36:32	37.6°C	███
Tue, 2018-04-17 15:37:32	37.6°C	███
Tue, 2018-04-17 15:38:32	39.2°C	███
Tue, 2018-04-17 15:39:32	36.5°C	███
Tue, 2018-04-17 15:40:32	37.6°C	███
Tue, 2018-04-17 15:41:32	37.6°C	███
Tue, 2018-04-17 15:42:32	37.0°C	███
Tue, 2018-04-17 15:43:32	38.6°C	███
Tue, 2018-04-17 15:44:32	37.0°C	███
Tue, 2018-04-17 15:45:32	37.6°C	███
Tue, 2018-04-17 15:46:32	38.1°C	███
Tue, 2018-04-17 15:47:32	37.0°C	███
Tue, 2018-04-17 15:48:32	37.6°C	███
Tue, 2018-04-17 15:49:32	37.6°C	███
Tue, 2018-04-17 15:50:32	37.6°C	███
Tue, 2018-04-17 15:51:32	37.0°C	███
Tue, 2018-04-17 15:52:33	37.0°C	███
Tue, 2018-04-17 15:53:33	37.6°C	███
Tue, 2018-04-17 15:54:33	37.6°C	███
Tue, 2018-04-17 15:55:33	37.6°C	███
Tue, 2018-04-17 15:56:33	37.6°C	███
Tue, 2018-04-17 15:57:33	37.6°C	███
Tue, 2018-04-17 15:58:33	37.6°C	███
Tue, 2018-04-17 15:59:33	37.6°C	███
Tue, 2018-04-17 16:00:33	37.6°C	███
Tue, 2018-04-17 16:01:33	38.1°C	███
Tue, 2018-04-17 16:02:33	37.6°C	███
Tue, 2018-04-17 16:03:33	37.6°C	███
Tue, 2018-04-17 16:04:33	37.6°C	███
Tue, 2018-04-17 16:05:33	38.1°C	███
Tue, 2018-04-17 16:06:33	37.6°C	███
Tue, 2018-04-17 16:07:33	37.6°C	███
Tue, 2018-04-17 16:08:33	37.6°C	███
Tue, 2018-04-17 16:09:33	37.6°C	███
Tue, 2018-04-17 16:10:34	38.6°C	███
Tue, 2018-04-17 16:11:34	37.6°C	███
Tue, 2018-04-17 16:12:34	37.6°C	███
Tue, 2018-04-17 16:13:34	37.6°C	███
Tue, 2018-04-17 16:14:34	37.6°C	███
Tue, 2018-04-17 16:15:34	39.2°C	███
Tue, 2018-04-17 16:16:34	37.6°C	███
Tue, 2018-04-17 16:17:34	37.6°C	███
Tue, 2018-04-17 16:18:34	37.6°C	███
Tue, 2018-04-17 16:19:34	37.6°C	███
Tue, 2018-04-17 16:20:34	38.1°C	███
Tue, 2018-04-17 16:21:34	37.6°C	███
Tue, 2018-04-17 16:22:34	37.6°C	███
Tue, 2018-04-17 16:23:34	37.6°C	███
Tue, 2018-04-17 16:24:34	37.6°C	███
Tue, 2018-04-17 16:25:34	38.1°C	███
Tue, 2018-04-17 16:26:34	37.6°C	███
Tue, 2018-04-17 16:27:34	38.1°C	███
Tue, 2018-04-17 16:28:35	37.0°C	███
Tue, 2018-04-17 16:29:35	37.6°C	███
Tue, 2018-04-17 16:30:35	37.6°C	███
Tue, 2018-04-17 16:31:35	37.6°C	███
Tue, 2018-04-17 16:32:35	38.1°C	███
Tue, 2018-04-17 16:33:35	37.6°C	███
Tue, 2018-04-17 16:34:35	37.6°C	███
Tue, 2018-04-17 16:35:35	38.1°C	███
Tue, 2018-04-17 16:36:35	37.6°C	███
Tue, 2018-04-17 16:37:35	37.6°C	███
Tue, 2018-04-17 16:38:35	37.6°C	███
Tue, 2018-04-17 16:39:35	37.6°C	███
Tue, 2018-04-17 16:40:35	37.6°C	███
Tue, 2018-04-17 16:41:35	37.6°C	███
Tue, 2018-04-17 16:42:35	37.6°C	███
Tue, 2018-04-17 16:43:35	37.6°C	███
Tue, 2018-04-17 16:44:35	37.6°C	███
Tue, 2018-04-17 16:45:35	37.6°C	███
Tue, 2018-04-17 16:46:36	37.6°C	███
Tue, 2018-04-17 16:47:36	39.7°C	███
Tue, 2018-04-17 16:48:36	38.1°C	███
Tue, 2018-04-17 16:49:36	37.6°C	███
Tue, 2018-04-17 16:50:36	37.0°C	███
Tue, 2018-04-17 16:51:36	37.0°C	███
Tue, 2018-04-17 16:52:36	37.6°C	███
Tue, 2018-04-17 16:53:36	37.6°C	███
Tue, 2018-04-17 16:54:36	37.6°C	███
Tue, 2018-04-17 16:55:36	37.6°C	███
Tue, 2018-04-17 16:56:36	37.6°C	███
Tue, 2018-04-17 16:57:36	38.6°C	███
Tue, 2018-04-17 16:58:36	37.6°C	███
Tue, 2018-04-17 16:59:36	37.6°C	███
Tue, 2018-04-17 17:00:36	37.6°C	███
Tue, 2018-04-17 17:01:36	37.0°C	███
Tue, 2018-04-17 17:02:36	37.6°C	███
Tue, 2018-04-17 17:03:36	37.6°C	███
Tue, 2018-04-17 17:04:37	37.6°C	███
Tue, 2018-04-17 17:05:37	37.6°C	███
Tue, 2018-04-17 17:06:37	37.6°C	███
Tue, 2018-04-17 17:07:37	37.6°C	███
Tue, 2018-04-17 17:08:37	37.6°C	███
Tue, 2018-04-17 17:09:37	38.1°C	███
Tue, 2018-04-17 17:10:37	37.6°C	███
Tue, 2018-04-17 17:11:37	37.6°C	███
Tue, 2018-04-17 17:12:37	37.6°C	███
Tue, 2018-04-17 17:13:37	37.6°C	███
Tue, 2018-04-17 17:14:37	38.6°C	███
Tue, 2018-04-17 17:15:37	37.6°C	███
Tue, 2018-04-17 17:16:37	37.6°C	███
Tue, 2018-04-17 17:17:37	37.6°C	███
Tue, 2018-04-17 17:18:37	37.6°C	███
Tue, 2018-04-17 17:19:37	38.6°C	███
Tue, 2018-04-17 17:20:37	37.6°C	███
Tue, 2018-04-17 17:21:38	37.6°C	███
Tue, 2018-04-17 17:22:38	37.6°C	███
Tue, 2018-04-17 17:23:38	37.6°C	███
Tue, 2018-04-17 17:24:38	38.1°C	███
Tue, 2018-04-17 17:25:38	37.6°C	███
Tue, 2018-04-17 17:26:38	37.6°C	███
Tue, 2018-04-17 17:27:38	37.6°C	███
Tue, 2018-04-17 17:28:38	37.6°C	███
Tue, 2018-04-17 17:29:38	37.6°C	███
Tue, 2018-04-17 17:30:38	37.6°C	███
Tue, 2018-04-17 17:31:38	37.6°C	███
Tue, 2018-04-17 17:32:38	38.1°C	███
Tue, 2018-04-17 17:33:38	37.6°C	███
Tue, 2018-04-17 17:34:38	38.1°C	███
Tue, 2018-04-17 17:35:39	37.6°C	███
Tue, 2018-04-17 17:36:39	38.6°C	███
Tue, 2018-04-17 17:37:39	37.6°C	███
Tue, 2018-04-17 17:38:39	37.6°C	███
Tue, 2018-04-17 17:39:39	38.1°C	███
Tue, 2018-04-17 17:40:39	37.6°C	███
Tue, 2018-04-17 17:41:39	37.6°C	███
Tue, 2018-04-17 17:42:39	37.6°C	███
Tue, 2018-04-17 17:43:39	37.6°C	███
Tue, 2018-04-17 17:44:39	37.6°C	███
Tue, 2018-04-17 17:45:39	38.1°C	███
Tue, 2018-04-17 17:46:39	38.6°C	███
Tue, 2018-04-17 17:47:39	36.5°C	███
Tue, 2018-04-17 17:48:39	38.1°C	███
Tue, 2018-04-17 17:49:39	37.6°C	███
Tue, 2018-04-17 17:50:40	37.6°C	███
Tue, 2018-04-17 17:51:40	39.2°C	███
Tue, 2018-04-17 17:52:40	37.6°C	███
Tue, 2018-04-17 17:53:40	37.6°C	███
Tue, 2018-04-17 17:54:40	37.6°C	███
Tue, 2018-04-17 17:55:40	37.6°C	███
Tue, 2018-04-17 17:56:40	37.6°C	███
Tue, 2018-04-17 17:57:40	37.6°C	███
Tue, 2018-04-17 17:58:40	37.6°C	███
Tue, 2018-04-17 17:59:40	37.6°C	███
Tue, 2018-04-17 18:00:40	37.6°C	███
Tue, 2018-04-17 18:01:40	38.6°C	███
Tue, 2018-04-17 18:02:40	37.6°C	███
Tue, 2018-04-17 18:03:40	37.6°C	███
Tue, 2018-04-17 18:04:40	37.6°C	███
Tue, 2018-04-17 18:05:40	38.1°C	███
Tue, 2018-04-17 18:06:40	38.1°C	███
Tue, 2018-04-17 18:07:41	38.1°C	███
Tue, 2018-04-17 18:08:41	38.1°C	███
Tue, 2018-04-17 18:09:41	37.6°C	███
Tue, 2018-04-17 18:10:41	38.1°C	███
Tue, 2018-04-17 18:11:41	37.6°C	███
Tue, 2018-04-17 18:12:41	38.1°C	███
Tue, 2018-04-17 18:13:41	38.1°C	███
Tue, 2018-04-17 18:14:41	37.6°C	███
Tue, 2018-04-17 18:15:41	37.6°C	███
Tue, 2018-04-17 18:16:41	38.1°C	███
Tue, 2018-04-17 18:17:41	37.6°C	███
Tue, 2018-04-17 18:18:41	38.1°C	███
Tue, 2018-04-17 18:19:41	37.6°C	███
Tue, 2018-04-17 18:20:41	37.6°C	███
Tue, 2018-04-17 18:21:41	37.6°C	███
Tue, 2018-04-17 18:22:41	37.6°C	███
Tue, 2018-04-17 18:23:41	39.2°C	███
Tue, 2018-04-17 18:24:41	37.6°C	███
Tue, 2018-04-17 18:25:42	37.6°C	███
Tue, 2018-04-17 18:26:42	37.6°C	███
Tue, 2018-04-17 18:30:25	35.4°C	███
Tue, 2018-04-17 18:31:25	34.3°C	███
Tue, 2018-04-17 18:32:25	34.3°C	███
Tue, 2018-04-17 18:33:25	34.9°C	███
Tue, 2018-04-17 18:34:25	35.4°C	███
Tue, 2018-04-17 18:35:25	36.5°C	███
Tue, 2018-04-17 18:36:25	34.9°C	███
Tue, 2018-04-17 18:37:25	35.4°C	███
Tue, 2018-04-17 18:38:26	35.9°C	███
Tue, 2018-04-17 18:39:26	36.5°C	███
Tue, 2018-04-17 18:40:26	35.9°C	███
Tue, 2018-04-17 18:41:26	36.5°C	███
Tue, 2018-04-17 18:42:26	36.5°C	███
Tue, 2018-04-17 18:43:26	36.5°C	███
Tue, 2018-04-17 18:44:26	36.5°C	███
Tue, 2018-04-17 18:45:26	36.5°C	███
Tue, 2018-04-17 18:46:26	36.5°C	███
Tue, 2018-04-17 18:47:26	36.5°C	███
Tue, 2018-04-17 18:48:26	36.5°C	███
Tue, 2018-04-17 18:49:26	37.0°C	███
Tue, 2018-04-17 18:50:26	36.5°C	███
Tue, 2018-04-17 18:51:26	36.5°C	███
Tue, 2018-04-17 18:52:26	36.5°C	███
Tue, 2018-04-17 18:53:26	36.5°C	███
Tue, 2018-04-17 18:54:27	37.0°C	███
Tue, 2018-04-17 18:55:27	37.0°C	███
Tue, 2018-04-17 18:56:27	37.0°C	███
Tue, 2018-04-17 18:57:27	37.6°C	███
Tue, 2018-04-17 18:58:27	37.0°C	███
Tue, 2018-04-17 18:59:27	37.0°C	███
Tue, 2018-04-17 19:00:27	37.0°C	███
Tue, 2018-04-17 19:01:27	37.6°C	███
Tue, 2018-04-17 19:02:27	38.1°C	███
Tue, 2018-04-17 19:03:27	36.5°C	███
Tue, 2018-04-17 19:04:27	37.0°C	███
Tue, 2018-04-17 19:05:27	37.0°C	███
Tue, 2018-04-17 19:06:27	37.0°C	███
Tue, 2018-04-17 19:07:27	38.6°C	███
Tue, 2018-04-17 19:08:27	37.6°C	███
Tue, 2018-04-17 19:09:27	37.6°C	███
Tue, 2018-04-17 19:10:27	37.6°C	███
Tue, 2018-04-17 19:11:28	37.6°C	███
Tue, 2018-04-17 19:12:28	38.6°C	███
Tue, 2018-04-17 19:13:28	37.6°C	███
Tue, 2018-04-17 19:14:28	37.0°C	███
Tue, 2018-04-17 19:15:28	37.6°C	███
Tue, 2018-04-17 19:16:28	37.6°C	███
Tue, 2018-04-17 19:17:28	38.6°C	███
Tue, 2018-04-17 19:18:28	37.6°C	███
